::1 - - [04/Jun/2019:23:34:12 +0700] "GET /phpmyadmin/index.php?token=d4250be67634f86d52a0500f9ddb62c0 HTTP/1.1" 404 510 "-" "Mozilla/5.0 (X11; Linux x86_64) AppleWebKit/537.36 (KHTML, like Gecko) Chrome/74.0.3729.169 Safari/537.36"
::1 - - [04/Jun/2019:23:34:12 +0700] "GET /favicon.ico HTTP/1.1" 404 500 "http://localhost/phpmyadmin/index.php?token=d4250be67634f86d52a0500f9ddb62c0" "Mozilla/5.0 (X11; Linux x86_64) AppleWebKit/537.36 (KHTML, like Gecko) Chrome/74.0.3729.169 Safari/537.36"
::1 - - [04/Jun/2019:23:34:31 +0700] "GET / HTTP/1.1" 200 3477 "-" "Mozilla/5.0 (X11; Linux x86_64) AppleWebKit/537.36 (KHTML, like Gecko) Chrome/74.0.3729.169 Safari/537.36"
::1 - - [04/Jun/2019:23:34:31 +0700] "GET /icons/ubuntu-logo.png HTTP/1.1" 200 3623 "http://localhost/" "Mozilla/5.0 (X11; Linux x86_64) AppleWebKit/537.36 (KHTML, like Gecko) Chrome/74.0.3729.169 Safari/537.36"
::1 - - [04/Jun/2019:23:35:22 +0700] "-" 408 0 "-" "-"
::1 - - [05/Jun/2019:00:13:16 +0700] "GET / HTTP/1.1" 200 3477 "-" "Mozilla/5.0 (X11; Linux x86_64) AppleWebKit/537.36 (KHTML, like Gecko) Chrome/74.0.3729.169 Safari/537.36"
::1 - - [05/Jun/2019:00:13:16 +0700] "GET /favicon.ico HTTP/1.1" 404 500 "http://localhost/" "Mozilla/5.0 (X11; Linux x86_64) AppleWebKit/537.36 (KHTML, like Gecko) Chrome/74.0.3729.169 Safari/537.36"
::1 - - [05/Jun/2019:00:13:21 +0700] "GET / HTTP/1.1" 200 3477 "-" "Mozilla/5.0 (X11; Linux x86_64) AppleWebKit/537.36 (KHTML, like Gecko) Chrome/74.0.3729.169 Safari/537.36"
::1 - - [05/Jun/2019:00:13:40 +0700] "GET /readNumber HTTP/1.1" 301 576 "-" "Mozilla/5.0 (X11; Linux x86_64) AppleWebKit/537.36 (KHTML, like Gecko) Chrome/74.0.3729.169 Safari/537.36"
::1 - - [05/Jun/2019:00:13:40 +0700] "GET /readNumber/ HTTP/1.1" 200 704 "-" "Mozilla/5.0 (X11; Linux x86_64) AppleWebKit/537.36 (KHTML, like Gecko) Chrome/74.0.3729.169 Safari/537.36"
::1 - - [05/Jun/2019:00:13:40 +0700] "GET /icons/back.gif HTTP/1.1" 200 500 "http://localhost/readNumber/" "Mozilla/5.0 (X11; Linux x86_64) AppleWebKit/537.36 (KHTML, like Gecko) Chrome/74.0.3729.169 Safari/537.36"
::1 - - [05/Jun/2019:00:13:40 +0700] "GET /icons/blank.gif HTTP/1.1" 200 431 "http://localhost/readNumber/" "Mozilla/5.0 (X11; Linux x86_64) AppleWebKit/537.36 (KHTML, like Gecko) Chrome/74.0.3729.169 Safari/537.36"
::1 - - [05/Jun/2019:00:13:40 +0700] "GET /icons/unknown.gif HTTP/1.1" 200 528 "http://localhost/readNumber/" "Mozilla/5.0 (X11; Linux x86_64) AppleWebKit/537.36 (KHTML, like Gecko) Chrome/74.0.3729.169 Safari/537.36"
::1 - - [05/Jun/2019:00:13:43 +0700] "GET /readNumber/read.php HTTP/1.1" 200 268 "http://localhost/readNumber/" "Mozilla/5.0 (X11; Linux x86_64) AppleWebKit/537.36 (KHTML, like Gecko) Chrome/74.0.3729.169 Safari/537.36"
::1 - - [05/Jun/2019:00:40:03 +0700] "GET /readNumber/read.php HTTP/1.1" 200 270 "http://localhost/readNumber/" "Mozilla/5.0 (X11; Linux x86_64) AppleWebKit/537.36 (KHTML, like Gecko) Chrome/74.0.3729.169 Safari/537.36"
::1 - - [05/Jun/2019:00:40:31 +0700] "GET /readNumber/read.php HTTP/1.1" 200 336 "http://localhost/readNumber/" "Mozilla/5.0 (X11; Linux x86_64) AppleWebKit/537.36 (KHTML, like Gecko) Chrome/74.0.3729.169 Safari/537.36"
::1 - - [05/Jun/2019:00:42:55 +0700] "GET /readNumber/read.php HTTP/1.1" 200 359 "http://localhost/readNumber/" "Mozilla/5.0 (X11; Linux x86_64) AppleWebKit/537.36 (KHTML, like Gecko) Chrome/74.0.3729.169 Safari/537.36"
::1 - - [05/Jun/2019:00:56:46 +0700] "GET /currency HTTP/1.1" 404 498 "-" "Mozilla/5.0 (X11; Linux x86_64) AppleWebKit/537.36 (KHTML, like Gecko) Chrome/74.0.3729.169 Safari/537.36"
::1 - - [05/Jun/2019:00:57:01 +0700] "GET /Currency HTTP/1.1" 301 572 "-" "Mozilla/5.0 (X11; Linux x86_64) AppleWebKit/537.36 (KHTML, like Gecko) Chrome/74.0.3729.169 Safari/537.36"
::1 - - [05/Jun/2019:00:57:01 +0700] "GET /Currency/ HTTP/1.1" 200 712 "-" "Mozilla/5.0 (X11; Linux x86_64) AppleWebKit/537.36 (KHTML, like Gecko) Chrome/74.0.3729.169 Safari/537.36"
::1 - - [05/Jun/2019:00:57:02 +0700] "GET /Currency/currency_transfer.php HTTP/1.1" 200 661 "http://localhost/Currency/" "Mozilla/5.0 (X11; Linux x86_64) AppleWebKit/537.36 (KHTML, like Gecko) Chrome/74.0.3729.169 Safari/537.36"
::1 - - [05/Jun/2019:00:57:38 +0700] "GET /Currency/currency_transfer.php HTTP/1.1" 200 642 "http://localhost/Currency/" "Mozilla/5.0 (X11; Linux x86_64) AppleWebKit/537.36 (KHTML, like Gecko) Chrome/74.0.3729.169 Safari/537.36"
::1 - - [05/Jun/2019:01:04:43 +0700] "GET /Currency/currency_transfer.php HTTP/1.1" 200 603 "http://localhost/Currency/" "Mozilla/5.0 (X11; Linux x86_64) AppleWebKit/537.36 (KHTML, like Gecko) Chrome/74.0.3729.169 Safari/537.36"
::1 - - [05/Jun/2019:01:04:53 +0700] "POST /Currency/currencyconvertor.php HTTP/1.1" 200 203 "http://localhost/Currency/currency_transfer.php" "Mozilla/5.0 (X11; Linux x86_64) AppleWebKit/537.36 (KHTML, like Gecko) Chrome/74.0.3729.169 Safari/537.36"
::1 - - [05/Jun/2019:01:06:17 +0700] "POST /Currency/currencyconvertor.php HTTP/1.1" 200 634 "http://localhost/Currency/currency_transfer.php" "Mozilla/5.0 (X11; Linux x86_64) AppleWebKit/537.36 (KHTML, like Gecko) Chrome/74.0.3729.169 Safari/537.36"
::1 - - [05/Jun/2019:01:06:22 +0700] "POST /Currency/currencyconvertor.php HTTP/1.1" 200 633 "http://localhost/Currency/currencyconvertor.php" "Mozilla/5.0 (X11; Linux x86_64) AppleWebKit/537.36 (KHTML, like Gecko) Chrome/74.0.3729.169 Safari/537.36"
::1 - - [05/Jun/2019:01:06:32 +0700] "POST /Currency/currencyconvertor.php HTTP/1.1" 200 634 "http://localhost/Currency/currencyconvertor.php" "Mozilla/5.0 (X11; Linux x86_64) AppleWebKit/537.36 (KHTML, like Gecko) Chrome/74.0.3729.169 Safari/537.36"
::1 - - [05/Jun/2019:01:06:52 +0700] "POST /Currency/currencyconvertor.php HTTP/1.1" 200 203 "http://localhost/Currency/currencyconvertor.php" "Mozilla/5.0 (X11; Linux x86_64) AppleWebKit/537.36 (KHTML, like Gecko) Chrome/74.0.3729.169 Safari/537.36"
::1 - - [05/Jun/2019:01:06:55 +0700] "GET /Currency/currencyconvertor.php HTTP/1.1" 200 202 "-" "Mozilla/5.0 (X11; Linux x86_64) AppleWebKit/537.36 (KHTML, like Gecko) Chrome/74.0.3729.169 Safari/537.36"
::1 - - [05/Jun/2019:01:07:03 +0700] "GET /Currency/ HTTP/1.1" 200 734 "-" "Mozilla/5.0 (X11; Linux x86_64) AppleWebKit/537.36 (KHTML, like Gecko) Chrome/74.0.3729.169 Safari/537.36"
::1 - - [05/Jun/2019:01:07:05 +0700] "GET /Currency/currency_transfer.php HTTP/1.1" 200 593 "http://localhost/Currency/" "Mozilla/5.0 (X11; Linux x86_64) AppleWebKit/537.36 (KHTML, like Gecko) Chrome/74.0.3729.169 Safari/537.36"
::1 - - [05/Jun/2019:01:07:13 +0700] "POST /Currency/currency_transfer.php HTTP/1.1" 200 624 "http://localhost/Currency/currency_transfer.php" "Mozilla/5.0 (X11; Linux x86_64) AppleWebKit/537.36 (KHTML, like Gecko) Chrome/74.0.3729.169 Safari/537.36"
::1 - - [05/Jun/2019:01:09:04 +0700] "POST /Currency/currency_transfer.php HTTP/1.1" 200 731 "http://localhost/Currency/currency_transfer.php" "Mozilla/5.0 (X11; Linux x86_64) AppleWebKit/537.36 (KHTML, like Gecko) Chrome/74.0.3729.169 Safari/537.36"
::1 - - [05/Jun/2019:01:09:10 +0700] "POST /Currency/currency_transfer.php HTTP/1.1" 200 731 "http://localhost/Currency/currency_transfer.php" "Mozilla/5.0 (X11; Linux x86_64) AppleWebKit/537.36 (KHTML, like Gecko) Chrome/74.0.3729.169 Safari/537.36"
::1 - - [05/Jun/2019:01:09:17 +0700] "GET /Currency/currency_transfer.php HTTP/1.1" 200 698 "-" "Mozilla/5.0 (X11; Linux x86_64) AppleWebKit/537.36 (KHTML, like Gecko) Chrome/74.0.3729.169 Safari/537.36"
::1 - - [05/Jun/2019:01:09:23 +0700] "POST /Currency/currency_transfer.php HTTP/1.1" 200 731 "http://localhost/Currency/currency_transfer.php" "Mozilla/5.0 (X11; Linux x86_64) AppleWebKit/537.36 (KHTML, like Gecko) Chrome/74.0.3729.169 Safari/537.36"
::1 - - [05/Jun/2019:01:18:55 +0700] "GET /hinhhoc HTTP/1.1" 301 570 "-" "Mozilla/5.0 (X11; Linux x86_64) AppleWebKit/537.36 (KHTML, like Gecko) Chrome/74.0.3729.169 Safari/537.36"
::1 - - [05/Jun/2019:01:18:55 +0700] "GET /hinhhoc/ HTTP/1.1" 200 706 "-" "Mozilla/5.0 (X11; Linux x86_64) AppleWebKit/537.36 (KHTML, like Gecko) Chrome/74.0.3729.169 Safari/537.36"
::1 - - [05/Jun/2019:01:18:57 +0700] "GET /hinhhoc/triangle.php HTTP/1.1" 200 313 "http://localhost/hinhhoc/" "Mozilla/5.0 (X11; Linux x86_64) AppleWebKit/537.36 (KHTML, like Gecko) Chrome/74.0.3729.169 Safari/537.36"
::1 - - [05/Jun/2019:01:19:12 +0700] "GET /hinhhoc/triangle.php HTTP/1.1" 200 316 "http://localhost/hinhhoc/" "Mozilla/5.0 (X11; Linux x86_64) AppleWebKit/537.36 (KHTML, like Gecko) Chrome/74.0.3729.169 Safari/537.36"
::1 - - [05/Jun/2019:01:19:20 +0700] "GET /hinhhoc/triangle.php HTTP/1.1" 200 320 "http://localhost/hinhhoc/" "Mozilla/5.0 (X11; Linux x86_64) AppleWebKit/537.36 (KHTML, like Gecko) Chrome/74.0.3729.169 Safari/537.36"
::1 - - [05/Jun/2019:01:19:41 +0700] "GET /hinhhoc/triangle.php HTTP/1.1" 200 24581 "http://localhost/hinhhoc/" "Mozilla/5.0 (X11; Linux x86_64) AppleWebKit/537.36 (KHTML, like Gecko) Chrome/74.0.3729.169 Safari/537.36"
::1 - - [05/Jun/2019:01:20:02 +0700] "GET /hinhhoc/triangle.php HTTP/1.1" 200 316 "http://localhost/hinhhoc/" "Mozilla/5.0 (X11; Linux x86_64) AppleWebKit/537.36 (KHTML, like Gecko) Chrome/74.0.3729.169 Safari/537.36"
::1 - - [05/Jun/2019:01:20:17 +0700] "GET /hinhhoc/triangle.php HTTP/1.1" 200 264 "http://localhost/hinhhoc/" "Mozilla/5.0 (X11; Linux x86_64) AppleWebKit/537.36 (KHTML, like Gecko) Chrome/74.0.3729.169 Safari/537.36"
::1 - - [05/Jun/2019:01:20:23 +0700] "GET /hinhhoc/triangle.php HTTP/1.1" 200 316 "http://localhost/hinhhoc/" "Mozilla/5.0 (X11; Linux x86_64) AppleWebKit/537.36 (KHTML, like Gecko) Chrome/74.0.3729.169 Safari/537.36"
::1 - - [05/Jun/2019:01:21:18 +0700] "GET /hinhhoc/triangle.php HTTP/1.1" 200 3007069 "http://localhost/hinhhoc/" "Mozilla/5.0 (X11; Linux x86_64) AppleWebKit/537.36 (KHTML, like Gecko) Chrome/74.0.3729.169 Safari/537.36"
::1 - - [05/Jun/2019:01:21:49 +0700] "GET /hinhhoc/triangle.php HTTP/1.1" 200 323 "http://localhost/hinhhoc/" "Mozilla/5.0 (X11; Linux x86_64) AppleWebKit/537.36 (KHTML, like Gecko) Chrome/74.0.3729.169 Safari/537.36"
::1 - - [05/Jun/2019:01:21:50 +0700] "GET /hinhhoc/triangle.php HTTP/1.1" 200 322 "http://localhost/hinhhoc/" "Mozilla/5.0 (X11; Linux x86_64) AppleWebKit/537.36 (KHTML, like Gecko) Chrome/74.0.3729.169 Safari/537.36"
::1 - - [05/Jun/2019:01:22:48 +0700] "GET /hinhhoc/ HTTP/1.1" 200 707 "-" "Mozilla/5.0 (X11; Linux x86_64) AppleWebKit/537.36 (KHTML, like Gecko) Chrome/74.0.3729.169 Safari/537.36"
::1 - - [05/Jun/2019:01:22:50 +0700] "GET /hinhhoc/triangle.php HTTP/1.1" 200 322 "http://localhost/hinhhoc/" "Mozilla/5.0 (X11; Linux x86_64) AppleWebKit/537.36 (KHTML, like Gecko) Chrome/74.0.3729.169 Safari/537.36"
::1 - - [05/Jun/2019:01:28:05 +0700] "GET /hinhhoc/triangle.php HTTP/1.1" 200 324 "http://localhost/hinhhoc/" "Mozilla/5.0 (X11; Linux x86_64) AppleWebKit/537.36 (KHTML, like Gecko) Chrome/74.0.3729.169 Safari/537.36"
::1 - - [05/Jun/2019:01:29:17 +0700] "GET /hinhhoc/triangle.php HTTP/1.1" 200 329 "http://localhost/hinhhoc/" "Mozilla/5.0 (X11; Linux x86_64) AppleWebKit/537.36 (KHTML, like Gecko) Chrome/74.0.3729.169 Safari/537.36"
::1 - - [05/Jun/2019:01:29:17 +0700] "GET /hinhhoc/triangle.php HTTP/1.1" 200 328 "http://localhost/hinhhoc/" "Mozilla/5.0 (X11; Linux x86_64) AppleWebKit/537.36 (KHTML, like Gecko) Chrome/74.0.3729.169 Safari/537.36"
::1 - - [05/Jun/2019:01:29:17 +0700] "GET /hinhhoc/triangle.php HTTP/1.1" 200 328 "http://localhost/hinhhoc/" "Mozilla/5.0 (X11; Linux x86_64) AppleWebKit/537.36 (KHTML, like Gecko) Chrome/74.0.3729.169 Safari/537.36"
::1 - - [05/Jun/2019:01:30:42 +0700] "GET /hinhhoc/triangle.php HTTP/1.1" 200 324 "http://localhost/hinhhoc/" "Mozilla/5.0 (X11; Linux x86_64) AppleWebKit/537.36 (KHTML, like Gecko) Chrome/74.0.3729.169 Safari/537.36"
::1 - - [05/Jun/2019:01:30:50 +0700] "GET /hinhhoc/triangle.php HTTP/1.1" 200 322 "http://localhost/hinhhoc/" "Mozilla/5.0 (X11; Linux x86_64) AppleWebKit/537.36 (KHTML, like Gecko) Chrome/74.0.3729.169 Safari/537.36"
::1 - - [05/Jun/2019:01:31:52 +0700] "GET /hinhhoc/triangle.php HTTP/1.1" 200 260 "http://localhost/hinhhoc/" "Mozilla/5.0 (X11; Linux x86_64) AppleWebKit/537.36 (KHTML, like Gecko) Chrome/74.0.3729.169 Safari/537.36"
::1 - - [05/Jun/2019:01:31:53 +0700] "GET /hinhhoc/triangle.php HTTP/1.1" 200 259 "http://localhost/hinhhoc/" "Mozilla/5.0 (X11; Linux x86_64) AppleWebKit/537.36 (KHTML, like Gecko) Chrome/74.0.3729.169 Safari/537.36"
::1 - - [05/Jun/2019:01:31:53 +0700] "GET /hinhhoc/triangle.php HTTP/1.1" 200 259 "http://localhost/hinhhoc/" "Mozilla/5.0 (X11; Linux x86_64) AppleWebKit/537.36 (KHTML, like Gecko) Chrome/74.0.3729.169 Safari/537.36"
::1 - - [05/Jun/2019:01:34:23 +0700] "GET /hinhhoc/triangle.php HTTP/1.1" 200 283 "http://localhost/hinhhoc/" "Mozilla/5.0 (X11; Linux x86_64) AppleWebKit/537.36 (KHTML, like Gecko) Chrome/74.0.3729.169 Safari/537.36"
::1 - - [05/Jun/2019:01:34:32 +0700] "GET /hinhhoc/triangle.php HTTP/1.1" 200 284 "http://localhost/hinhhoc/" "Mozilla/5.0 (X11; Linux x86_64) AppleWebKit/537.36 (KHTML, like Gecko) Chrome/74.0.3729.169 Safari/537.36"
::1 - - [05/Jun/2019:01:41:28 +0700] "GET /hinhhoc/triangle.php HTTP/1.1" 404 510 "http://localhost/hinhhoc/" "Mozilla/5.0 (X11; Linux x86_64) AppleWebKit/537.36 (KHTML, like Gecko) Chrome/74.0.3729.169 Safari/537.36"
::1 - - [05/Jun/2019:01:41:37 +0700] "GET /hinhhoc/ HTTP/1.1" 200 709 "-" "Mozilla/5.0 (X11; Linux x86_64) AppleWebKit/537.36 (KHTML, like Gecko) Chrome/74.0.3729.169 Safari/537.36"
::1 - - [05/Jun/2019:01:41:39 +0700] "GET /hinhhoc/hinhchunhat.php HTTP/1.1" 200 252 "http://localhost/hinhhoc/" "Mozilla/5.0 (X11; Linux x86_64) AppleWebKit/537.36 (KHTML, like Gecko) Chrome/74.0.3729.169 Safari/537.36"
::1 - - [05/Jun/2019:01:42:12 +0700] "GET /hinhhoc/hinhchunhat.php HTTP/1.1" 200 276 "http://localhost/hinhhoc/" "Mozilla/5.0 (X11; Linux x86_64) AppleWebKit/537.36 (KHTML, like Gecko) Chrome/74.0.3729.169 Safari/537.36"
::1 - - [05/Jun/2019:01:42:24 +0700] "GET /hinhhoc/hinhchunhat.php HTTP/1.1" 200 284 "http://localhost/hinhhoc/" "Mozilla/5.0 (X11; Linux x86_64) AppleWebKit/537.36 (KHTML, like Gecko) Chrome/74.0.3729.169 Safari/537.36"
::1 - - [05/Jun/2019:01:44:29 +0700] "GET /hinhhoc/ HTTP/1.1" 200 730 "-" "Mozilla/5.0 (X11; Linux x86_64) AppleWebKit/537.36 (KHTML, like Gecko) Chrome/74.0.3729.169 Safari/537.36"
::1 - - [05/Jun/2019:01:44:30 +0700] "GET /hinhhoc/tamgiac.php HTTP/1.1" 200 252 "http://localhost/hinhhoc/" "Mozilla/5.0 (X11; Linux x86_64) AppleWebKit/537.36 (KHTML, like Gecko) Chrome/74.0.3729.169 Safari/537.36"
::1 - - [05/Jun/2019:01:44:34 +0700] "GET /hinhhoc/tamgiac.php HTTP/1.1" 200 252 "http://localhost/hinhhoc/" "Mozilla/5.0 (X11; Linux x86_64) AppleWebKit/537.36 (KHTML, like Gecko) Chrome/74.0.3729.169 Safari/537.36"
::1 - - [05/Jun/2019:01:44:57 +0700] "GET /hinhhoc/tamgiac.php HTTP/1.1" 200 253 "http://localhost/hinhhoc/" "Mozilla/5.0 (X11; Linux x86_64) AppleWebKit/537.36 (KHTML, like Gecko) Chrome/74.0.3729.169 Safari/537.36"
::1 - - [05/Jun/2019:01:44:58 +0700] "GET /hinhhoc/tamgiac.php HTTP/1.1" 200 252 "http://localhost/hinhhoc/" "Mozilla/5.0 (X11; Linux x86_64) AppleWebKit/537.36 (KHTML, like Gecko) Chrome/74.0.3729.169 Safari/537.36"
::1 - - [05/Jun/2019:01:44:58 +0700] "GET /hinhhoc/tamgiac.php HTTP/1.1" 200 252 "http://localhost/hinhhoc/" "Mozilla/5.0 (X11; Linux x86_64) AppleWebKit/537.36 (KHTML, like Gecko) Chrome/74.0.3729.169 Safari/537.36"
::1 - - [05/Jun/2019:01:46:49 +0700] "GET /hinhhoc/ HTTP/1.1" 200 730 "-" "Mozilla/5.0 (X11; Linux x86_64) AppleWebKit/537.36 (KHTML, like Gecko) Chrome/74.0.3729.169 Safari/537.36"
::1 - - [05/Jun/2019:01:46:51 +0700] "GET /hinhhoc/tamgiac.php HTTP/1.1" 200 252 "http://localhost/hinhhoc/" "Mozilla/5.0 (X11; Linux x86_64) AppleWebKit/537.36 (KHTML, like Gecko) Chrome/74.0.3729.169 Safari/537.36"
::1 - - [05/Jun/2019:01:47:06 +0700] "GET /hinhhoc/tamgiac.php HTTP/1.1" 200 302 "http://localhost/hinhhoc/" "Mozilla/5.0 (X11; Linux x86_64) AppleWebKit/537.36 (KHTML, like Gecko) Chrome/74.0.3729.169 Safari/537.36"
::1 - - [05/Jun/2019:01:52:36 +0700] "GET /hinhhoc/tamgiac.php HTTP/1.1" 200 234 "http://localhost/hinhhoc/" "Mozilla/5.0 (X11; Linux x86_64) AppleWebKit/537.36 (KHTML, like Gecko) Chrome/74.0.3729.169 Safari/537.36"
::1 - - [05/Jun/2019:01:53:34 +0700] "GET /hinhhoc/tamgiac.php HTTP/1.1" 200 289 "http://localhost/hinhhoc/" "Mozilla/5.0 (X11; Linux x86_64) AppleWebKit/537.36 (KHTML, like Gecko) Chrome/74.0.3729.169 Safari/537.36"
::1 - - [05/Jun/2019:01:55:00 +0700] "GET /hinhhoc/tamgiac.php HTTP/1.1" 200 234 "http://localhost/hinhhoc/" "Mozilla/5.0 (X11; Linux x86_64) AppleWebKit/537.36 (KHTML, like Gecko) Chrome/74.0.3729.169 Safari/537.36"
::1 - - [05/Jun/2019:01:55:05 +0700] "GET /hinhhoc/tamgiac.php HTTP/1.1" 200 228 "http://localhost/hinhhoc/" "Mozilla/5.0 (X11; Linux x86_64) AppleWebKit/537.36 (KHTML, like Gecko) Chrome/74.0.3729.169 Safari/537.36"
::1 - - [05/Jun/2019:01:55:34 +0700] "GET /hinhhoc/tamgiac.php HTTP/1.1" 200 289 "http://localhost/hinhhoc/" "Mozilla/5.0 (X11; Linux x86_64) AppleWebKit/537.36 (KHTML, like Gecko) Chrome/74.0.3729.169 Safari/537.36"
::1 - - [05/Jun/2019:01:56:25 +0700] "GET /hinhhoc/ HTTP/1.1" 200 744 "-" "Mozilla/5.0 (X11; Linux x86_64) AppleWebKit/537.36 (KHTML, like Gecko) Chrome/74.0.3729.169 Safari/537.36"
::1 - - [05/Jun/2019:01:56:26 +0700] "GET /hinhhoc/tamgiac2.php HTTP/1.1" 200 260 "http://localhost/hinhhoc/" "Mozilla/5.0 (X11; Linux x86_64) AppleWebKit/537.36 (KHTML, like Gecko) Chrome/74.0.3729.169 Safari/537.36"
::1 - - [05/Jun/2019:01:57:55 +0700] "GET /hinhhoc/tamgiac3.php HTTP/1.1" 200 247 "-" "Mozilla/5.0 (X11; Linux x86_64) AppleWebKit/537.36 (KHTML, like Gecko) Chrome/74.0.3729.169 Safari/537.36"
::1 - - [05/Jun/2019:01:58:18 +0700] "GET /hinhhoc/tamgiac3.php HTTP/1.1" 200 283 "-" "Mozilla/5.0 (X11; Linux x86_64) AppleWebKit/537.36 (KHTML, like Gecko) Chrome/74.0.3729.169 Safari/537.36"
::1 - - [05/Jun/2019:01:58:42 +0700] "GET /hinhhoc/tamgiac3.php HTTP/1.1" 200 247 "-" "Mozilla/5.0 (X11; Linux x86_64) AppleWebKit/537.36 (KHTML, like Gecko) Chrome/74.0.3729.169 Safari/537.36"
::1 - - [05/Jun/2019:08:39:55 +0700] "GET /date HTTP/1.1" 301 564 "-" "Mozilla/5.0 (X11; Linux x86_64) AppleWebKit/537.36 (KHTML, like Gecko) Chrome/74.0.3729.169 Safari/537.36"
::1 - - [05/Jun/2019:08:39:55 +0700] "GET /date/ HTTP/1.1" 200 704 "-" "Mozilla/5.0 (X11; Linux x86_64) AppleWebKit/537.36 (KHTML, like Gecko) Chrome/74.0.3729.169 Safari/537.36"
::1 - - [05/Jun/2019:08:39:55 +0700] "GET /favicon.ico HTTP/1.1" 404 500 "http://localhost/date/" "Mozilla/5.0 (X11; Linux x86_64) AppleWebKit/537.36 (KHTML, like Gecko) Chrome/74.0.3729.169 Safari/537.36"
::1 - - [05/Jun/2019:08:39:57 +0700] "GET /date/copyright.php HTTP/1.1" 200 219 "http://localhost/date/" "Mozilla/5.0 (X11; Linux x86_64) AppleWebKit/537.36 (KHTML, like Gecko) Chrome/74.0.3729.169 Safari/537.36"
::1 - - [05/Jun/2019:08:40:46 +0700] "-" 408 0 "-" "-"
::1 - - [05/Jun/2019:08:54:12 +0700] "GET /thaotacvoifile HTTP/1.1" 301 584 "-" "Mozilla/5.0 (X11; Linux x86_64) AppleWebKit/537.36 (KHTML, like Gecko) Chrome/74.0.3729.169 Safari/537.36"
::1 - - [05/Jun/2019:08:54:12 +0700] "GET /thaotacvoifile/ HTTP/1.1" 200 710 "-" "Mozilla/5.0 (X11; Linux x86_64) AppleWebKit/537.36 (KHTML, like Gecko) Chrome/74.0.3729.169 Safari/537.36"
::1 - - [05/Jun/2019:08:54:15 +0700] "GET /thaotacvoifile/readfile.php HTTP/1.1" 200 203 "http://localhost/thaotacvoifile/" "Mozilla/5.0 (X11; Linux x86_64) AppleWebKit/537.36 (KHTML, like Gecko) Chrome/74.0.3729.169 Safari/537.36"
::1 - - [05/Jun/2019:08:57:09 +0700] "GET /thaotacvoifile/readfile.php HTTP/1.1" 200 203 "http://localhost/thaotacvoifile/" "Mozilla/5.0 (X11; Linux x86_64) AppleWebKit/537.36 (KHTML, like Gecko) Chrome/74.0.3729.169 Safari/537.36"
::1 - - [05/Jun/2019:08:57:11 +0700] "GET /thaotacvoifile/readfile.php HTTP/1.1" 200 202 "http://localhost/thaotacvoifile/" "Mozilla/5.0 (X11; Linux x86_64) AppleWebKit/537.36 (KHTML, like Gecko) Chrome/74.0.3729.169 Safari/537.36"
::1 - - [05/Jun/2019:08:57:11 +0700] "GET /thaotacvoifile/readfile.php HTTP/1.1" 200 202 "http://localhost/thaotacvoifile/" "Mozilla/5.0 (X11; Linux x86_64) AppleWebKit/537.36 (KHTML, like Gecko) Chrome/74.0.3729.169 Safari/537.36"
::1 - - [05/Jun/2019:08:59:39 +0700] "GET /thaotacvoifile/readfile.php HTTP/1.1" 200 1224811 "http://localhost/thaotacvoifile/" "Mozilla/5.0 (X11; Linux x86_64) AppleWebKit/537.36 (KHTML, like Gecko) Chrome/74.0.3729.169 Safari/537.36"
127.0.0.1 - - [05/Jun/2019:09:00:08 +0700] "GET /thaotacvoifile HTTP/1.1" 301 584 "-" "Mozilla/5.0 (X11; Ubuntu; Linux x86_64; rv:67.0) Gecko/20100101 Firefox/67.0"
127.0.0.1 - - [05/Jun/2019:09:00:08 +0700] "GET /thaotacvoifile/ HTTP/1.1" 200 745 "-" "Mozilla/5.0 (X11; Ubuntu; Linux x86_64; rv:67.0) Gecko/20100101 Firefox/67.0"
127.0.0.1 - - [05/Jun/2019:09:00:08 +0700] "GET /icons/blank.gif HTTP/1.1" 200 431 "http://localhost/thaotacvoifile/" "Mozilla/5.0 (X11; Ubuntu; Linux x86_64; rv:67.0) Gecko/20100101 Firefox/67.0"
127.0.0.1 - - [05/Jun/2019:09:00:08 +0700] "GET /icons/back.gif HTTP/1.1" 200 500 "http://localhost/thaotacvoifile/" "Mozilla/5.0 (X11; Ubuntu; Linux x86_64; rv:67.0) Gecko/20100101 Firefox/67.0"
127.0.0.1 - - [05/Jun/2019:09:00:08 +0700] "GET /icons/image2.gif HTTP/1.1" 200 593 "http://localhost/thaotacvoifile/" "Mozilla/5.0 (X11; Ubuntu; Linux x86_64; rv:67.0) Gecko/20100101 Firefox/67.0"
127.0.0.1 - - [05/Jun/2019:09:00:08 +0700] "GET /icons/unknown.gif HTTP/1.1" 200 529 "http://localhost/thaotacvoifile/" "Mozilla/5.0 (X11; Ubuntu; Linux x86_64; rv:67.0) Gecko/20100101 Firefox/67.0"
127.0.0.1 - - [05/Jun/2019:09:00:08 +0700] "GET /favicon.ico HTTP/1.1" 404 500 "-" "Mozilla/5.0 (X11; Ubuntu; Linux x86_64; rv:67.0) Gecko/20100101 Firefox/67.0"
127.0.0.1 - - [05/Jun/2019:09:00:10 +0700] "GET /thaotacvoifile/monkey.gif HTTP/1.1" 200 1224741 "http://localhost/thaotacvoifile/" "Mozilla/5.0 (X11; Ubuntu; Linux x86_64; rv:67.0) Gecko/20100101 Firefox/67.0"
127.0.0.1 - - [05/Jun/2019:09:00:20 +0700] "GET /thaotacvoifile/monkey.gif HTTP/1.1" 304 184 "http://localhost/thaotacvoifile/" "Mozilla/5.0 (X11; Ubuntu; Linux x86_64; rv:67.0) Gecko/20100101 Firefox/67.0"
::1 - - [05/Jun/2019:09:00:30 +0700] "-" 408 0 "-" "-"
127.0.0.1 - - [05/Jun/2019:09:05:16 +0700] "GET /thaotacvoifile/ HTTP/1.1" 200 794 "-" "Mozilla/5.0 (X11; Ubuntu; Linux x86_64; rv:67.0) Gecko/20100101 Firefox/67.0"
127.0.0.1 - - [05/Jun/2019:09:05:16 +0700] "GET /icons/blank.gif HTTP/1.1" 304 180 "http://localhost/thaotacvoifile/" "Mozilla/5.0 (X11; Ubuntu; Linux x86_64; rv:67.0) Gecko/20100101 Firefox/67.0"
127.0.0.1 - - [05/Jun/2019:09:05:16 +0700] "GET /icons/back.gif HTTP/1.1" 304 179 "http://localhost/thaotacvoifile/" "Mozilla/5.0 (X11; Ubuntu; Linux x86_64; rv:67.0) Gecko/20100101 Firefox/67.0"
127.0.0.1 - - [05/Jun/2019:09:05:16 +0700] "GET /icons/image2.gif HTTP/1.1" 304 180 "http://localhost/thaotacvoifile/" "Mozilla/5.0 (X11; Ubuntu; Linux x86_64; rv:67.0) Gecko/20100101 Firefox/67.0"
127.0.0.1 - - [05/Jun/2019:09:05:16 +0700] "GET /icons/unknown.gif HTTP/1.1" 304 179 "http://localhost/thaotacvoifile/" "Mozilla/5.0 (X11; Ubuntu; Linux x86_64; rv:67.0) Gecko/20100101 Firefox/67.0"
127.0.0.1 - - [05/Jun/2019:09:05:16 +0700] "GET /icons/text.gif HTTP/1.1" 200 512 "http://localhost/thaotacvoifile/" "Mozilla/5.0 (X11; Ubuntu; Linux x86_64; rv:67.0) Gecko/20100101 Firefox/67.0"
127.0.0.1 - - [05/Jun/2019:09:05:18 +0700] "GET /thaotacvoifile/sample.php HTTP/1.1" 200 203 "http://localhost/thaotacvoifile/" "Mozilla/5.0 (X11; Ubuntu; Linux x86_64; rv:67.0) Gecko/20100101 Firefox/67.0"
127.0.0.1 - - [05/Jun/2019:09:06:04 +0700] "GET /thaotacvoifile/ HTTP/1.1" 200 792 "-" "Mozilla/5.0 (X11; Ubuntu; Linux x86_64; rv:67.0) Gecko/20100101 Firefox/67.0"
127.0.0.1 - - [05/Jun/2019:09:06:04 +0700] "GET /icons/blank.gif HTTP/1.1" 304 179 "http://localhost/thaotacvoifile/" "Mozilla/5.0 (X11; Ubuntu; Linux x86_64; rv:67.0) Gecko/20100101 Firefox/67.0"
127.0.0.1 - - [05/Jun/2019:09:06:04 +0700] "GET /icons/back.gif HTTP/1.1" 304 179 "http://localhost/thaotacvoifile/" "Mozilla/5.0 (X11; Ubuntu; Linux x86_64; rv:67.0) Gecko/20100101 Firefox/67.0"
127.0.0.1 - - [05/Jun/2019:09:06:04 +0700] "GET /icons/image2.gif HTTP/1.1" 304 180 "http://localhost/thaotacvoifile/" "Mozilla/5.0 (X11; Ubuntu; Linux x86_64; rv:67.0) Gecko/20100101 Firefox/67.0"
127.0.0.1 - - [05/Jun/2019:09:06:04 +0700] "GET /icons/unknown.gif HTTP/1.1" 304 179 "http://localhost/thaotacvoifile/" "Mozilla/5.0 (X11; Ubuntu; Linux x86_64; rv:67.0) Gecko/20100101 Firefox/67.0"
127.0.0.1 - - [05/Jun/2019:09:06:04 +0700] "GET /icons/text.gif HTTP/1.1" 304 179 "http://localhost/thaotacvoifile/" "Mozilla/5.0 (X11; Ubuntu; Linux x86_64; rv:67.0) Gecko/20100101 Firefox/67.0"
127.0.0.1 - - [05/Jun/2019:09:06:07 +0700] "GET /thaotacvoifile/sample.php HTTP/1.1" 200 228 "http://localhost/thaotacvoifile/" "Mozilla/5.0 (X11; Ubuntu; Linux x86_64; rv:67.0) Gecko/20100101 Firefox/67.0"
127.0.0.1 - - [05/Jun/2019:09:06:37 +0700] "GET /thaotacvoifile/sample.php HTTP/1.1" 200 466 "http://localhost/thaotacvoifile/" "Mozilla/5.0 (X11; Ubuntu; Linux x86_64; rv:67.0) Gecko/20100101 Firefox/67.0"
127.0.0.1 - - [05/Jun/2019:09:09:06 +0700] "GET /thaotacvoifile/sample.php HTTP/1.1" 200 504 "http://localhost/thaotacvoifile/" "Mozilla/5.0 (X11; Ubuntu; Linux x86_64; rv:67.0) Gecko/20100101 Firefox/67.0"
::1 - - [05/Jun/2019:09:23:28 +0700] "GET /thaotacvoifile/ HTTP/1.1" 200 830 "-" "Mozilla/5.0 (X11; Linux x86_64) AppleWebKit/537.36 (KHTML, like Gecko) Chrome/74.0.3729.169 Safari/537.36"
::1 - - [05/Jun/2019:09:23:28 +0700] "GET /icons/sound2.gif HTTP/1.1" 200 504 "http://localhost/thaotacvoifile/" "Mozilla/5.0 (X11; Linux x86_64) AppleWebKit/537.36 (KHTML, like Gecko) Chrome/74.0.3729.169 Safari/537.36"
::1 - - [05/Jun/2019:09:23:28 +0700] "GET /icons/image2.gif HTTP/1.1" 200 594 "http://localhost/thaotacvoifile/" "Mozilla/5.0 (X11; Linux x86_64) AppleWebKit/537.36 (KHTML, like Gecko) Chrome/74.0.3729.169 Safari/537.36"
::1 - - [05/Jun/2019:09:23:28 +0700] "GET /icons/text.gif HTTP/1.1" 200 513 "http://localhost/thaotacvoifile/" "Mozilla/5.0 (X11; Linux x86_64) AppleWebKit/537.36 (KHTML, like Gecko) Chrome/74.0.3729.169 Safari/537.36"
::1 - - [05/Jun/2019:09:23:30 +0700] "GET /thaotacvoifile/sample.php HTTP/1.1" 200 516 "http://localhost/thaotacvoifile/" "Mozilla/5.0 (X11; Linux x86_64) AppleWebKit/537.36 (KHTML, like Gecko) Chrome/74.0.3729.169 Safari/537.36"
::1 - - [05/Jun/2019:09:23:59 +0700] "GET /thaotacvoifile/sample.php HTTP/1.1" 200 517 "http://localhost/thaotacvoifile/" "Mozilla/5.0 (X11; Linux x86_64) AppleWebKit/537.36 (KHTML, like Gecko) Chrome/74.0.3729.169 Safari/537.36"
::1 - - [05/Jun/2019:09:23:59 +0700] "GET /thaotacvoifile/sample.php HTTP/1.1" 200 516 "http://localhost/thaotacvoifile/" "Mozilla/5.0 (X11; Linux x86_64) AppleWebKit/537.36 (KHTML, like Gecko) Chrome/74.0.3729.169 Safari/537.36"
::1 - - [05/Jun/2019:09:24:00 +0700] "GET /thaotacvoifile/sample.php HTTP/1.1" 200 516 "http://localhost/thaotacvoifile/" "Mozilla/5.0 (X11; Linux x86_64) AppleWebKit/537.36 (KHTML, like Gecko) Chrome/74.0.3729.169 Safari/537.36"
::1 - - [05/Jun/2019:09:24:00 +0700] "GET /thaotacvoifile/sample.php HTTP/1.1" 200 516 "http://localhost/thaotacvoifile/" "Mozilla/5.0 (X11; Linux x86_64) AppleWebKit/537.36 (KHTML, like Gecko) Chrome/74.0.3729.169 Safari/537.36"
::1 - - [05/Jun/2019:09:24:02 +0700] "GET /thaotacvoifile/sample.php HTTP/1.1" 200 516 "-" "Mozilla/5.0 (X11; Linux x86_64) AppleWebKit/537.36 (KHTML, like Gecko) Chrome/74.0.3729.169 Safari/537.36"
::1 - - [05/Jun/2019:11:15:07 +0700] "GET /favicon.ico HTTP/1.1" 404 501 "http://localhost/thaotacvoifile/sample.php" "Mozilla/5.0 (X11; Linux x86_64) AppleWebKit/537.36 (KHTML, like Gecko) Chrome/74.0.3729.169 Safari/537.36"
::1 - - [05/Jun/2019:11:21:37 +0700] "GET /thaotacvoifile/sample.php HTTP/1.1" 200 505 "-" "Mozilla/5.0 (X11; Linux x86_64) AppleWebKit/537.36 (KHTML, like Gecko) Chrome/74.0.3729.169 Safari/537.36"
::1 - - [05/Jun/2019:11:21:39 +0700] "GET /thaotacvoifile/sample.php HTTP/1.1" 200 504 "-" "Mozilla/5.0 (X11; Linux x86_64) AppleWebKit/537.36 (KHTML, like Gecko) Chrome/74.0.3729.169 Safari/537.36"
::1 - - [05/Jun/2019:11:21:41 +0700] "GET /thaotacvoifile/sample.php HTTP/1.1" 200 504 "-" "Mozilla/5.0 (X11; Linux x86_64) AppleWebKit/537.36 (KHTML, like Gecko) Chrome/74.0.3729.169 Safari/537.36"
::1 - - [05/Jun/2019:11:21:45 +0700] "GET /thaotacvoifile/sample.php HTTP/1.1" 200 504 "-" "Mozilla/5.0 (X11; Linux x86_64) AppleWebKit/537.36 (KHTML, like Gecko) Chrome/74.0.3729.169 Safari/537.36"
::1 - - [05/Jun/2019:11:22:05 +0700] "GET /thaotacvoifile/ HTTP/1.1" 200 832 "-" "Mozilla/5.0 (X11; Linux x86_64) AppleWebKit/537.36 (KHTML, like Gecko) Chrome/74.0.3729.169 Safari/537.36"
::1 - - [05/Jun/2019:11:22:08 +0700] "GET /thaotacvoifile/sample.php HTTP/1.1" 200 504 "http://localhost/thaotacvoifile/" "Mozilla/5.0 (X11; Linux x86_64) AppleWebKit/537.36 (KHTML, like Gecko) Chrome/74.0.3729.169 Safari/537.36"
::1 - - [05/Jun/2019:11:22:57 +0700] "-" 408 0 "-" "-"
::1 - - [05/Jun/2019:11:23:53 +0700] "GET /date/copyright.php HTTP/1.1" 200 220 "http://localhost/date/" "Mozilla/5.0 (X11; Linux x86_64) AppleWebKit/537.36 (KHTML, like Gecko) Chrome/74.0.3729.169 Safari/537.36"
::1 - - [05/Jun/2019:11:23:58 +0700] "GET /thaotacvoifile/sample.php HTTP/1.1" 200 505 "http://localhost/thaotacvoifile/" "Mozilla/5.0 (X11; Linux x86_64) AppleWebKit/537.36 (KHTML, like Gecko) Chrome/74.0.3729.169 Safari/537.36"
::1 - - [05/Jun/2019:11:23:59 +0700] "GET /thaotacvoifile/sample.php HTTP/1.1" 200 504 "http://localhost/thaotacvoifile/" "Mozilla/5.0 (X11; Linux x86_64) AppleWebKit/537.36 (KHTML, like Gecko) Chrome/74.0.3729.169 Safari/537.36"
::1 - - [05/Jun/2019:11:24:00 +0700] "GET /thaotacvoifile/sample.php HTTP/1.1" 200 504 "http://localhost/thaotacvoifile/" "Mozilla/5.0 (X11; Linux x86_64) AppleWebKit/537.36 (KHTML, like Gecko) Chrome/74.0.3729.169 Safari/537.36"
::1 - - [05/Jun/2019:11:24:00 +0700] "GET /thaotacvoifile/sample.php HTTP/1.1" 200 504 "http://localhost/thaotacvoifile/" "Mozilla/5.0 (X11; Linux x86_64) AppleWebKit/537.36 (KHTML, like Gecko) Chrome/74.0.3729.169 Safari/537.36"
::1 - - [05/Jun/2019:11:24:00 +0700] "GET /thaotacvoifile/sample.php HTTP/1.1" 200 504 "http://localhost/thaotacvoifile/" "Mozilla/5.0 (X11; Linux x86_64) AppleWebKit/537.36 (KHTML, like Gecko) Chrome/74.0.3729.169 Safari/537.36"
::1 - - [05/Jun/2019:11:24:02 +0700] "GET /thaotacvoifile/sample.php HTTP/1.1" 200 504 "-" "Mozilla/5.0 (X11; Linux x86_64) AppleWebKit/537.36 (KHTML, like Gecko) Chrome/74.0.3729.169 Safari/537.36"
::1 - - [05/Jun/2019:11:24:42 +0700] "GET /thaotacvoifile/sample.php HTTP/1.1" 200 505 "-" "Mozilla/5.0 (X11; Linux x86_64) AppleWebKit/537.36 (KHTML, like Gecko) Chrome/74.0.3729.169 Safari/537.36"
::1 - - [05/Jun/2019:11:24:43 +0700] "GET /thaotacvoifile/sample.php HTTP/1.1" 200 504 "-" "Mozilla/5.0 (X11; Linux x86_64) AppleWebKit/537.36 (KHTML, like Gecko) Chrome/74.0.3729.169 Safari/537.36"
::1 - - [05/Jun/2019:11:24:43 +0700] "GET /thaotacvoifile/sample.php HTTP/1.1" 200 504 "-" "Mozilla/5.0 (X11; Linux x86_64) AppleWebKit/537.36 (KHTML, like Gecko) Chrome/74.0.3729.169 Safari/537.36"
::1 - - [05/Jun/2019:11:24:43 +0700] "GET /thaotacvoifile/sample.php HTTP/1.1" 200 504 "-" "Mozilla/5.0 (X11; Linux x86_64) AppleWebKit/537.36 (KHTML, like Gecko) Chrome/74.0.3729.169 Safari/537.36"
::1 - - [05/Jun/2019:11:24:45 +0700] "GET /thaotacvoifile/sample.php HTTP/1.1" 200 504 "-" "Mozilla/5.0 (X11; Linux x86_64) AppleWebKit/537.36 (KHTML, like Gecko) Chrome/74.0.3729.169 Safari/537.36"
::1 - - [05/Jun/2019:11:25:33 +0700] "-" 408 0 "-" "-"
::1 - - [05/Jun/2019:11:28:49 +0700] "GET /thaotacvoifile/ HTTP/1.1" 200 860 "-" "Mozilla/5.0 (X11; Linux x86_64) AppleWebKit/537.36 (KHTML, like Gecko) Chrome/74.0.3729.169 Safari/537.36"
::1 - - [05/Jun/2019:11:28:57 +0700] "GET /thaotacvoifile/sample.php HTTP/1.1" 200 506 "http://localhost/thaotacvoifile/" "Mozilla/5.0 (X11; Linux x86_64) AppleWebKit/537.36 (KHTML, like Gecko) Chrome/74.0.3729.169 Safari/537.36"
::1 - - [05/Jun/2019:11:29:05 +0700] "GET /thaotacvoifile/ HTTP/1.1" 200 860 "-" "Mozilla/5.0 (X11; Linux x86_64) AppleWebKit/537.36 (KHTML, like Gecko) Chrome/74.0.3729.169 Safari/537.36"
::1 - - [05/Jun/2019:11:29:07 +0700] "GET /thaotacvoifile/fopen.php HTTP/1.1" 200 202 "http://localhost/thaotacvoifile/" "Mozilla/5.0 (X11; Linux x86_64) AppleWebKit/537.36 (KHTML, like Gecko) Chrome/74.0.3729.169 Safari/537.36"
::1 - - [05/Jun/2019:11:29:32 +0700] "GET /thaotacvoifile/fopen.php HTTP/1.1" 200 1223786 "http://localhost/thaotacvoifile/" "Mozilla/5.0 (X11; Linux x86_64) AppleWebKit/537.36 (KHTML, like Gecko) Chrome/74.0.3729.169 Safari/537.36"
::1 - - [05/Jun/2019:11:30:23 +0700] "-" 408 0 "-" "-"
::1 - - [05/Jun/2019:11:30:41 +0700] "GET /thaotacvoifile/fopen.php HTTP/1.1" 200 1223786 "http://localhost/thaotacvoifile/" "Mozilla/5.0 (X11; Linux x86_64) AppleWebKit/537.36 (KHTML, like Gecko) Chrome/74.0.3729.169 Safari/537.36"
::1 - - [05/Jun/2019:11:30:43 +0700] "GET /thaotacvoifile/fopen.php HTTP/1.1" 200 1223786 "-" "Mozilla/5.0 (X11; Linux x86_64) AppleWebKit/537.36 (KHTML, like Gecko) Chrome/74.0.3729.169 Safari/537.36"
::1 - - [05/Jun/2019:11:30:57 +0700] "GET /thaotacvoifile/fopen.php HTTP/1.1" 200 1223786 "-" "Mozilla/5.0 (X11; Linux x86_64) AppleWebKit/537.36 (KHTML, like Gecko) Chrome/74.0.3729.169 Safari/537.36"
::1 - - [05/Jun/2019:11:30:59 +0700] "GET /thaotacvoifile/fopen.php HTTP/1.1" 200 1223786 "-" "Mozilla/5.0 (X11; Linux x86_64) AppleWebKit/537.36 (KHTML, like Gecko) Chrome/74.0.3729.169 Safari/537.36"
::1 - - [05/Jun/2019:11:32:31 +0700] "GET /thaotacvoifile/fopen.php HTTP/1.1" 200 1223825 "-" "Mozilla/5.0 (X11; Linux x86_64) AppleWebKit/537.36 (KHTML, like Gecko) Chrome/74.0.3729.169 Safari/537.36"
::1 - - [05/Jun/2019:11:32:33 +0700] "GET /thaotacvoifile/fopen.php HTTP/1.1" 200 1223825 "-" "Mozilla/5.0 (X11; Linux x86_64) AppleWebKit/537.36 (KHTML, like Gecko) Chrome/74.0.3729.169 Safari/537.36"
::1 - - [05/Jun/2019:11:33:39 +0700] "GET /thaotacvoifile/fopen.php HTTP/1.1" 200 457 "-" "Mozilla/5.0 (X11; Linux x86_64) AppleWebKit/537.36 (KHTML, like Gecko) Chrome/74.0.3729.169 Safari/537.36"
::1 - - [05/Jun/2019:11:36:17 +0700] "GET /thaotacvoifile/fopen.php HTTP/1.1" 200 458 "-" "Mozilla/5.0 (X11; Linux x86_64) AppleWebKit/537.36 (KHTML, like Gecko) Chrome/74.0.3729.169 Safari/537.36"
::1 - - [05/Jun/2019:11:36:18 +0700] "GET /thaotacvoifile/fopen.php HTTP/1.1" 200 457 "-" "Mozilla/5.0 (X11; Linux x86_64) AppleWebKit/537.36 (KHTML, like Gecko) Chrome/74.0.3729.169 Safari/537.36"
::1 - - [05/Jun/2019:11:36:18 +0700] "GET /thaotacvoifile/fopen.php HTTP/1.1" 200 457 "-" "Mozilla/5.0 (X11; Linux x86_64) AppleWebKit/537.36 (KHTML, like Gecko) Chrome/74.0.3729.169 Safari/537.36"
::1 - - [05/Jun/2019:11:36:18 +0700] "GET /thaotacvoifile/fopen.php HTTP/1.1" 200 457 "-" "Mozilla/5.0 (X11; Linux x86_64) AppleWebKit/537.36 (KHTML, like Gecko) Chrome/74.0.3729.169 Safari/537.36"
::1 - - [05/Jun/2019:11:37:08 +0700] "-" 408 0 "-" "-"
::1 - - [05/Jun/2019:11:41:46 +0700] "GET /thaotacvoifile/ HTTP/1.1" 200 882 "-" "Mozilla/5.0 (X11; Linux x86_64) AppleWebKit/537.36 (KHTML, like Gecko) Chrome/74.0.3729.169 Safari/537.36"
::1 - - [05/Jun/2019:11:41:49 +0700] "GET /thaotacvoifile/program4.php HTTP/1.1" 200 203 "http://localhost/thaotacvoifile/" "Mozilla/5.0 (X11; Linux x86_64) AppleWebKit/537.36 (KHTML, like Gecko) Chrome/74.0.3729.169 Safari/537.36"
::1 - - [05/Jun/2019:11:43:36 +0700] "GET /thaotacvoifile/ HTTP/1.1" 200 890 "-" "Mozilla/5.0 (X11; Linux x86_64) AppleWebKit/537.36 (KHTML, like Gecko) Chrome/74.0.3729.169 Safari/537.36"
::1 - - [05/Jun/2019:11:43:39 +0700] "GET /thaotacvoifile/program4.php HTTP/1.1" 200 202 "http://localhost/thaotacvoifile/" "Mozilla/5.0 (X11; Linux x86_64) AppleWebKit/537.36 (KHTML, like Gecko) Chrome/74.0.3729.169 Safari/537.36"
::1 - - [05/Jun/2019:11:44:39 +0700] "GET /thaotacvoifile/program4.php HTTP/1.1" 200 203 "http://localhost/thaotacvoifile/" "Mozilla/5.0 (X11; Linux x86_64) AppleWebKit/537.36 (KHTML, like Gecko) Chrome/74.0.3729.169 Safari/537.36"
::1 - - [05/Jun/2019:11:44:40 +0700] "GET /thaotacvoifile/program4.php HTTP/1.1" 200 202 "http://localhost/thaotacvoifile/" "Mozilla/5.0 (X11; Linux x86_64) AppleWebKit/537.36 (KHTML, like Gecko) Chrome/74.0.3729.169 Safari/537.36"
::1 - - [05/Jun/2019:11:44:40 +0700] "GET /thaotacvoifile/program4.php HTTP/1.1" 200 202 "http://localhost/thaotacvoifile/" "Mozilla/5.0 (X11; Linux x86_64) AppleWebKit/537.36 (KHTML, like Gecko) Chrome/74.0.3729.169 Safari/537.36"
::1 - - [05/Jun/2019:11:44:40 +0700] "GET /thaotacvoifile/program4.php HTTP/1.1" 200 202 "http://localhost/thaotacvoifile/" "Mozilla/5.0 (X11; Linux x86_64) AppleWebKit/537.36 (KHTML, like Gecko) Chrome/74.0.3729.169 Safari/537.36"
::1 - - [05/Jun/2019:11:44:40 +0700] "GET /thaotacvoifile/program4.php HTTP/1.1" 200 202 "http://localhost/thaotacvoifile/" "Mozilla/5.0 (X11; Linux x86_64) AppleWebKit/537.36 (KHTML, like Gecko) Chrome/74.0.3729.169 Safari/537.36"
::1 - - [05/Jun/2019:11:44:41 +0700] "GET /thaotacvoifile/program4.php HTTP/1.1" 200 202 "http://localhost/thaotacvoifile/" "Mozilla/5.0 (X11; Linux x86_64) AppleWebKit/537.36 (KHTML, like Gecko) Chrome/74.0.3729.169 Safari/537.36"
::1 - - [05/Jun/2019:13:45:57 +0700] "GET /thaotacvoifile/ HTTP/1.1" 200 890 "-" "Mozilla/5.0 (X11; Linux x86_64) AppleWebKit/537.36 (KHTML, like Gecko) Chrome/74.0.3729.169 Safari/537.36"
::1 - - [05/Jun/2019:13:46:03 +0700] "GET / HTTP/1.1" 200 3477 "-" "Mozilla/5.0 (X11; Linux x86_64) AppleWebKit/537.36 (KHTML, like Gecko) Chrome/74.0.3729.169 Safari/537.36"
::1 - - [05/Jun/2019:13:46:20 +0700] "GET /locDSKH HTTP/1.1" 404 497 "-" "Mozilla/5.0 (X11; Linux x86_64) AppleWebKit/537.36 (KHTML, like Gecko) Chrome/74.0.3729.169 Safari/537.36"
::1 - - [05/Jun/2019:13:46:43 +0700] "GET /locDSKSH HTTP/1.1" 301 572 "-" "Mozilla/5.0 (X11; Linux x86_64) AppleWebKit/537.36 (KHTML, like Gecko) Chrome/74.0.3729.169 Safari/537.36"
::1 - - [05/Jun/2019:13:46:43 +0700] "GET /locDSKSH/ HTTP/1.1" 200 705 "-" "Mozilla/5.0 (X11; Linux x86_64) AppleWebKit/537.36 (KHTML, like Gecko) Chrome/74.0.3729.169 Safari/537.36"
::1 - - [05/Jun/2019:13:46:45 +0700] "GET /locDSKSH/locds.php HTTP/1.1" 200 422 "http://localhost/locDSKSH/" "Mozilla/5.0 (X11; Linux x86_64) AppleWebKit/537.36 (KHTML, like Gecko) Chrome/74.0.3729.169 Safari/537.36"
::1 - - [05/Jun/2019:13:47:34 +0700] "-" 408 0 "-" "-"
::1 - - [05/Jun/2019:14:38:19 +0700] "GET /locDSKSH/ HTTP/1.1" 200 730 "-" "Mozilla/5.0 (X11; Linux x86_64) AppleWebKit/537.36 (KHTML, like Gecko) Chrome/74.0.3729.169 Safari/537.36"
::1 - - [05/Jun/2019:14:38:19 +0700] "GET /icons/folder.gif HTTP/1.1" 200 508 "http://localhost/locDSKSH/" "Mozilla/5.0 (X11; Linux x86_64) AppleWebKit/537.36 (KHTML, like Gecko) Chrome/74.0.3729.169 Safari/537.36"
::1 - - [05/Jun/2019:14:38:20 +0700] "GET /locDSKSH/locds.php HTTP/1.1" 200 550 "http://localhost/locDSKSH/" "Mozilla/5.0 (X11; Linux x86_64) AppleWebKit/537.36 (KHTML, like Gecko) Chrome/74.0.3729.169 Safari/537.36"
::1 - - [05/Jun/2019:14:38:59 +0700] "POST /locDSKSH/locds.php HTTP/1.1" 200 551 "http://localhost/locDSKSH/locds.php" "Mozilla/5.0 (X11; Linux x86_64) AppleWebKit/537.36 (KHTML, like Gecko) Chrome/74.0.3729.169 Safari/537.36"
::1 - - [05/Jun/2019:14:39:01 +0700] "POST /locDSKSH/locds.php HTTP/1.1" 200 550 "http://localhost/locDSKSH/locds.php" "Mozilla/5.0 (X11; Linux x86_64) AppleWebKit/537.36 (KHTML, like Gecko) Chrome/74.0.3729.169 Safari/537.36"
::1 - - [05/Jun/2019:14:39:01 +0700] "POST /locDSKSH/locds.php HTTP/1.1" 200 550 "http://localhost/locDSKSH/locds.php" "Mozilla/5.0 (X11; Linux x86_64) AppleWebKit/537.36 (KHTML, like Gecko) Chrome/74.0.3729.169 Safari/537.36"
::1 - - [05/Jun/2019:14:39:01 +0700] "POST /locDSKSH/locds.php HTTP/1.1" 200 550 "http://localhost/locDSKSH/locds.php" "Mozilla/5.0 (X11; Linux x86_64) AppleWebKit/537.36 (KHTML, like Gecko) Chrome/74.0.3729.169 Safari/537.36"
::1 - - [05/Jun/2019:14:39:02 +0700] "POST /locDSKSH/locds.php HTTP/1.1" 200 550 "http://localhost/locDSKSH/locds.php" "Mozilla/5.0 (X11; Linux x86_64) AppleWebKit/537.36 (KHTML, like Gecko) Chrome/74.0.3729.169 Safari/537.36"
::1 - - [05/Jun/2019:14:47:18 +0700] "POST /locDSKSH/locds.php HTTP/1.1" 200 554 "http://localhost/locDSKSH/locds.php" "Mozilla/5.0 (X11; Linux x86_64) AppleWebKit/537.36 (KHTML, like Gecko) Chrome/74.0.3729.169 Safari/537.36"
::1 - - [05/Jun/2019:14:47:20 +0700] "GET /locDSKSH/locds.php HTTP/1.1" 200 553 "-" "Mozilla/5.0 (X11; Linux x86_64) AppleWebKit/537.36 (KHTML, like Gecko) Chrome/74.0.3729.169 Safari/537.36"
::1 - - [05/Jun/2019:14:48:02 +0700] "POST /locDSKSH/locds.php HTTP/1.1" 200 554 "http://localhost/locDSKSH/locds.php" "Mozilla/5.0 (X11; Linux x86_64) AppleWebKit/537.36 (KHTML, like Gecko) Chrome/74.0.3729.169 Safari/537.36"
::1 - - [05/Jun/2019:14:48:04 +0700] "POST /locDSKSH/locds.php HTTP/1.1" 200 553 "http://localhost/locDSKSH/locds.php" "Mozilla/5.0 (X11; Linux x86_64) AppleWebKit/537.36 (KHTML, like Gecko) Chrome/74.0.3729.169 Safari/537.36"
::1 - - [05/Jun/2019:14:48:04 +0700] "POST /locDSKSH/locds.php HTTP/1.1" 200 553 "http://localhost/locDSKSH/locds.php" "Mozilla/5.0 (X11; Linux x86_64) AppleWebKit/537.36 (KHTML, like Gecko) Chrome/74.0.3729.169 Safari/537.36"
::1 - - [05/Jun/2019:14:48:52 +0700] "POST /locDSKSH/locds.php HTTP/1.1" 200 554 "http://localhost/locDSKSH/locds.php" "Mozilla/5.0 (X11; Linux x86_64) AppleWebKit/537.36 (KHTML, like Gecko) Chrome/74.0.3729.169 Safari/537.36"
::1 - - [05/Jun/2019:14:48:55 +0700] "POST /locDSKSH/locds.php HTTP/1.1" 200 553 "http://localhost/locDSKSH/locds.php" "Mozilla/5.0 (X11; Linux x86_64) AppleWebKit/537.36 (KHTML, like Gecko) Chrome/74.0.3729.169 Safari/537.36"
::1 - - [05/Jun/2019:14:48:56 +0700] "POST /locDSKSH/locds.php HTTP/1.1" 200 553 "http://localhost/locDSKSH/locds.php" "Mozilla/5.0 (X11; Linux x86_64) AppleWebKit/537.36 (KHTML, like Gecko) Chrome/74.0.3729.169 Safari/537.36"
::1 - - [05/Jun/2019:14:50:01 +0700] "GET /locDSKSH/ HTTP/1.1" 200 750 "-" "Mozilla/5.0 (X11; Linux x86_64) AppleWebKit/537.36 (KHTML, like Gecko) Chrome/74.0.3729.169 Safari/537.36"
::1 - - [05/Jun/2019:14:50:04 +0700] "GET /locDSKSH/test.php HTTP/1.1" 200 873 "http://localhost/locDSKSH/" "Mozilla/5.0 (X11; Linux x86_64) AppleWebKit/537.36 (KHTML, like Gecko) Chrome/74.0.3729.169 Safari/537.36"
::1 - - [05/Jun/2019:14:50:04 +0700] "GET /locDSKSH/css/style.css HTTP/1.1" 404 511 "http://localhost/locDSKSH/test.php" "Mozilla/5.0 (X11; Linux x86_64) AppleWebKit/537.36 (KHTML, like Gecko) Chrome/74.0.3729.169 Safari/537.36"
::1 - - [05/Jun/2019:14:50:04 +0700] "GET /locDSKSH/images/img1.jpg HTTP/1.1" 404 514 "http://localhost/locDSKSH/test.php" "Mozilla/5.0 (X11; Linux x86_64) AppleWebKit/537.36 (KHTML, like Gecko) Chrome/74.0.3729.169 Safari/537.36"
::1 - - [05/Jun/2019:14:50:04 +0700] "GET /locDSKSH/images/img2.jpg HTTP/1.1" 404 513 "http://localhost/locDSKSH/test.php" "Mozilla/5.0 (X11; Linux x86_64) AppleWebKit/537.36 (KHTML, like Gecko) Chrome/74.0.3729.169 Safari/537.36"
::1 - - [05/Jun/2019:14:50:04 +0700] "GET /locDSKSH/images/img3.jpg HTTP/1.1" 404 513 "http://localhost/locDSKSH/test.php" "Mozilla/5.0 (X11; Linux x86_64) AppleWebKit/537.36 (KHTML, like Gecko) Chrome/74.0.3729.169 Safari/537.36"
::1 - - [05/Jun/2019:14:50:04 +0700] "GET /locDSKSH/images/img4.jpg HTTP/1.1" 404 513 "http://localhost/locDSKSH/test.php" "Mozilla/5.0 (X11; Linux x86_64) AppleWebKit/537.36 (KHTML, like Gecko) Chrome/74.0.3729.169 Safari/537.36"
::1 - - [05/Jun/2019:14:50:04 +0700] "GET /locDSKSH/images/img5.jpg HTTP/1.1" 404 514 "http://localhost/locDSKSH/test.php" "Mozilla/5.0 (X11; Linux x86_64) AppleWebKit/537.36 (KHTML, like Gecko) Chrome/74.0.3729.169 Safari/537.36"
::1 - - [05/Jun/2019:14:50:12 +0700] "POST /locDSKSH/test.php HTTP/1.1" 200 657 "http://localhost/locDSKSH/test.php" "Mozilla/5.0 (X11; Linux x86_64) AppleWebKit/537.36 (KHTML, like Gecko) Chrome/74.0.3729.169 Safari/537.36"
::1 - - [05/Jun/2019:14:50:12 +0700] "GET /locDSKSH/css/style.css HTTP/1.1" 404 511 "http://localhost/locDSKSH/test.php" "Mozilla/5.0 (X11; Linux x86_64) AppleWebKit/537.36 (KHTML, like Gecko) Chrome/74.0.3729.169 Safari/537.36"
::1 - - [05/Jun/2019:14:52:58 +0700] "GET /locDSKSH/locds.php HTTP/1.1" 200 512 "-" "Mozilla/5.0 (X11; Linux x86_64) AppleWebKit/537.36 (KHTML, like Gecko) Chrome/74.0.3729.169 Safari/537.36"
::1 - - [05/Jun/2019:14:53:04 +0700] "POST /locDSKSH/locds.php HTTP/1.1" 200 512 "http://localhost/locDSKSH/locds.php" "Mozilla/5.0 (X11; Linux x86_64) AppleWebKit/537.36 (KHTML, like Gecko) Chrome/74.0.3729.169 Safari/537.36"
::1 - - [05/Jun/2019:14:58:39 +0700] "POST /locDSKSH/locds.php HTTP/1.1" 200 526 "http://localhost/locDSKSH/locds.php" "Mozilla/5.0 (X11; Linux x86_64) AppleWebKit/537.36 (KHTML, like Gecko) Chrome/74.0.3729.169 Safari/537.36"
::1 - - [05/Jun/2019:14:58:42 +0700] "GET /locDSKSH/locds.php HTTP/1.1" 200 512 "-" "Mozilla/5.0 (X11; Linux x86_64) AppleWebKit/537.36 (KHTML, like Gecko) Chrome/74.0.3729.169 Safari/537.36"
::1 - - [05/Jun/2019:14:58:47 +0700] "POST /locDSKSH/locds.php HTTP/1.1" 200 525 "http://localhost/locDSKSH/locds.php" "Mozilla/5.0 (X11; Linux x86_64) AppleWebKit/537.36 (KHTML, like Gecko) Chrome/74.0.3729.169 Safari/537.36"
::1 - - [05/Jun/2019:14:58:47 +0700] "POST /locDSKSH/locds.php HTTP/1.1" 200 525 "http://localhost/locDSKSH/locds.php" "Mozilla/5.0 (X11; Linux x86_64) AppleWebKit/537.36 (KHTML, like Gecko) Chrome/74.0.3729.169 Safari/537.36"
::1 - - [05/Jun/2019:15:00:23 +0700] "GET /locDSKSH/locds.php HTTP/1.1" 200 512 "-" "Mozilla/5.0 (X11; Linux x86_64) AppleWebKit/537.36 (KHTML, like Gecko) Chrome/74.0.3729.169 Safari/537.36"
::1 - - [05/Jun/2019:15:00:28 +0700] "POST /locDSKSH/locds.php HTTP/1.1" 200 524 "http://localhost/locDSKSH/locds.php" "Mozilla/5.0 (X11; Linux x86_64) AppleWebKit/537.36 (KHTML, like Gecko) Chrome/74.0.3729.169 Safari/537.36"
::1 - - [05/Jun/2019:15:00:28 +0700] "POST /locDSKSH/locds.php HTTP/1.1" 200 524 "http://localhost/locDSKSH/locds.php" "Mozilla/5.0 (X11; Linux x86_64) AppleWebKit/537.36 (KHTML, like Gecko) Chrome/74.0.3729.169 Safari/537.36"
::1 - - [05/Jun/2019:15:00:29 +0700] "POST /locDSKSH/locds.php HTTP/1.1" 200 524 "http://localhost/locDSKSH/locds.php" "Mozilla/5.0 (X11; Linux x86_64) AppleWebKit/537.36 (KHTML, like Gecko) Chrome/74.0.3729.169 Safari/537.36"
::1 - - [05/Jun/2019:15:00:31 +0700] "POST /locDSKSH/locds.php HTTP/1.1" 200 524 "http://localhost/locDSKSH/locds.php" "Mozilla/5.0 (X11; Linux x86_64) AppleWebKit/537.36 (KHTML, like Gecko) Chrome/74.0.3729.169 Safari/537.36"
::1 - - [05/Jun/2019:15:00:45 +0700] "POST /locDSKSH/locds.php HTTP/1.1" 200 525 "http://localhost/locDSKSH/locds.php" "Mozilla/5.0 (X11; Linux x86_64) AppleWebKit/537.36 (KHTML, like Gecko) Chrome/74.0.3729.169 Safari/537.36"
::1 - - [05/Jun/2019:15:00:48 +0700] "POST /locDSKSH/locds.php HTTP/1.1" 200 524 "http://localhost/locDSKSH/locds.php" "Mozilla/5.0 (X11; Linux x86_64) AppleWebKit/537.36 (KHTML, like Gecko) Chrome/74.0.3729.169 Safari/537.36"
::1 - - [05/Jun/2019:15:00:48 +0700] "POST /locDSKSH/locds.php HTTP/1.1" 200 524 "http://localhost/locDSKSH/locds.php" "Mozilla/5.0 (X11; Linux x86_64) AppleWebKit/537.36 (KHTML, like Gecko) Chrome/74.0.3729.169 Safari/537.36"
::1 - - [05/Jun/2019:15:09:03 +0700] "GET /locDSKSH/locds.php HTTP/1.1" 200 589 "-" "Mozilla/5.0 (X11; Linux x86_64) AppleWebKit/537.36 (KHTML, like Gecko) Chrome/74.0.3729.169 Safari/537.36"
::1 - - [05/Jun/2019:15:09:07 +0700] "POST /locDSKSH/locds.php HTTP/1.1" 200 598 "http://localhost/locDSKSH/locds.php" "Mozilla/5.0 (X11; Linux x86_64) AppleWebKit/537.36 (KHTML, like Gecko) Chrome/74.0.3729.169 Safari/537.36"
::1 - - [05/Jun/2019:15:09:40 +0700] "GET /locDSKSH/test.php HTTP/1.1" 200 874 "-" "Mozilla/5.0 (X11; Linux x86_64) AppleWebKit/537.36 (KHTML, like Gecko) Chrome/74.0.3729.169 Safari/537.36"
::1 - - [05/Jun/2019:15:09:40 +0700] "GET /locDSKSH/css/style.css HTTP/1.1" 404 511 "http://localhost/locDSKSH/test.php" "Mozilla/5.0 (X11; Linux x86_64) AppleWebKit/537.36 (KHTML, like Gecko) Chrome/74.0.3729.169 Safari/537.36"
::1 - - [05/Jun/2019:15:09:40 +0700] "GET /locDSKSH/images/img1.jpg HTTP/1.1" 404 514 "http://localhost/locDSKSH/test.php" "Mozilla/5.0 (X11; Linux x86_64) AppleWebKit/537.36 (KHTML, like Gecko) Chrome/74.0.3729.169 Safari/537.36"
::1 - - [05/Jun/2019:15:09:40 +0700] "GET /locDSKSH/images/img2.jpg HTTP/1.1" 404 514 "http://localhost/locDSKSH/test.php" "Mozilla/5.0 (X11; Linux x86_64) AppleWebKit/537.36 (KHTML, like Gecko) Chrome/74.0.3729.169 Safari/537.36"
::1 - - [05/Jun/2019:15:09:40 +0700] "GET /locDSKSH/images/img3.jpg HTTP/1.1" 404 513 "http://localhost/locDSKSH/test.php" "Mozilla/5.0 (X11; Linux x86_64) AppleWebKit/537.36 (KHTML, like Gecko) Chrome/74.0.3729.169 Safari/537.36"
::1 - - [05/Jun/2019:15:09:40 +0700] "GET /locDSKSH/images/img4.jpg HTTP/1.1" 404 513 "http://localhost/locDSKSH/test.php" "Mozilla/5.0 (X11; Linux x86_64) AppleWebKit/537.36 (KHTML, like Gecko) Chrome/74.0.3729.169 Safari/537.36"
::1 - - [05/Jun/2019:15:09:40 +0700] "GET /locDSKSH/images/img5.jpg HTTP/1.1" 404 513 "http://localhost/locDSKSH/test.php" "Mozilla/5.0 (X11; Linux x86_64) AppleWebKit/537.36 (KHTML, like Gecko) Chrome/74.0.3729.169 Safari/537.36"
::1 - - [05/Jun/2019:15:11:04 +0700] "GET /locDSKSH/test.php HTTP/1.1" 200 873 "-" "Mozilla/5.0 (X11; Linux x86_64) AppleWebKit/537.36 (KHTML, like Gecko) Chrome/74.0.3729.169 Safari/537.36"
::1 - - [05/Jun/2019:15:11:04 +0700] "GET /locDSKSH/css/style.css HTTP/1.1" 404 511 "http://localhost/locDSKSH/test.php" "Mozilla/5.0 (X11; Linux x86_64) AppleWebKit/537.36 (KHTML, like Gecko) Chrome/74.0.3729.169 Safari/537.36"
::1 - - [05/Jun/2019:15:11:04 +0700] "GET /locDSKSH/images/img1.png HTTP/1.1" 200 201710 "http://localhost/locDSKSH/test.php" "Mozilla/5.0 (X11; Linux x86_64) AppleWebKit/537.36 (KHTML, like Gecko) Chrome/74.0.3729.169 Safari/537.36"
::1 - - [05/Jun/2019:15:11:04 +0700] "GET /locDSKSH/images/img2.png HTTP/1.1" 200 201710 "http://localhost/locDSKSH/test.php" "Mozilla/5.0 (X11; Linux x86_64) AppleWebKit/537.36 (KHTML, like Gecko) Chrome/74.0.3729.169 Safari/537.36"
::1 - - [05/Jun/2019:15:11:04 +0700] "GET /locDSKSH/images/img3.png HTTP/1.1" 200 201709 "http://localhost/locDSKSH/test.php" "Mozilla/5.0 (X11; Linux x86_64) AppleWebKit/537.36 (KHTML, like Gecko) Chrome/74.0.3729.169 Safari/537.36"
::1 - - [05/Jun/2019:15:11:04 +0700] "GET /locDSKSH/images/img4.png HTTP/1.1" 200 201710 "http://localhost/locDSKSH/test.php" "Mozilla/5.0 (X11; Linux x86_64) AppleWebKit/537.36 (KHTML, like Gecko) Chrome/74.0.3729.169 Safari/537.36"
::1 - - [05/Jun/2019:15:11:04 +0700] "GET /locDSKSH/images/img5.png HTTP/1.1" 200 201710 "http://localhost/locDSKSH/test.php" "Mozilla/5.0 (X11; Linux x86_64) AppleWebKit/537.36 (KHTML, like Gecko) Chrome/74.0.3729.169 Safari/537.36"
::1 - - [05/Jun/2019:15:15:37 +0700] "GET /locDSKSH/test.php HTTP/1.1" 200 874 "-" "Mozilla/5.0 (X11; Linux x86_64) AppleWebKit/537.36 (KHTML, like Gecko) Chrome/74.0.3729.169 Safari/537.36"
::1 - - [05/Jun/2019:15:15:37 +0700] "GET /locDSKSH/css/style.css HTTP/1.1" 404 511 "http://localhost/locDSKSH/test.php" "Mozilla/5.0 (X11; Linux x86_64) AppleWebKit/537.36 (KHTML, like Gecko) Chrome/74.0.3729.169 Safari/537.36"
::1 - - [05/Jun/2019:15:15:37 +0700] "GET /locDSKSH/images/img1.jpg HTTP/1.1" 200 60136 "http://localhost/locDSKSH/test.php" "Mozilla/5.0 (X11; Linux x86_64) AppleWebKit/537.36 (KHTML, like Gecko) Chrome/74.0.3729.169 Safari/537.36"
::1 - - [05/Jun/2019:15:15:37 +0700] "GET /locDSKSH/images/img2.jpg HTTP/1.1" 200 49254 "http://localhost/locDSKSH/test.php" "Mozilla/5.0 (X11; Linux x86_64) AppleWebKit/537.36 (KHTML, like Gecko) Chrome/74.0.3729.169 Safari/537.36"
::1 - - [05/Jun/2019:15:15:37 +0700] "GET /locDSKSH/images/img3.jpg HTTP/1.1" 200 49253 "http://localhost/locDSKSH/test.php" "Mozilla/5.0 (X11; Linux x86_64) AppleWebKit/537.36 (KHTML, like Gecko) Chrome/74.0.3729.169 Safari/537.36"
::1 - - [05/Jun/2019:15:15:37 +0700] "GET /locDSKSH/images/img4.jpg HTTP/1.1" 200 49253 "http://localhost/locDSKSH/test.php" "Mozilla/5.0 (X11; Linux x86_64) AppleWebKit/537.36 (KHTML, like Gecko) Chrome/74.0.3729.169 Safari/537.36"
::1 - - [05/Jun/2019:15:15:37 +0700] "GET /locDSKSH/images/img5.jpg HTTP/1.1" 200 49254 "http://localhost/locDSKSH/test.php" "Mozilla/5.0 (X11; Linux x86_64) AppleWebKit/537.36 (KHTML, like Gecko) Chrome/74.0.3729.169 Safari/537.36"
::1 - - [05/Jun/2019:15:16:15 +0700] "GET /locDSKSH/test.php HTTP/1.1" 200 874 "-" "Mozilla/5.0 (X11; Linux x86_64) AppleWebKit/537.36 (KHTML, like Gecko) Chrome/74.0.3729.169 Safari/537.36"
::1 - - [05/Jun/2019:15:16:15 +0700] "GET /locDSKSH/css/style.css HTTP/1.1" 404 511 "http://localhost/locDSKSH/test.php" "Mozilla/5.0 (X11; Linux x86_64) AppleWebKit/537.36 (KHTML, like Gecko) Chrome/74.0.3729.169 Safari/537.36"
::1 - - [05/Jun/2019:15:16:15 +0700] "GET /locDSKSH/images/img1.jpg HTTP/1.1" 304 181 "http://localhost/locDSKSH/test.php" "Mozilla/5.0 (X11; Linux x86_64) AppleWebKit/537.36 (KHTML, like Gecko) Chrome/74.0.3729.169 Safari/537.36"
::1 - - [05/Jun/2019:15:16:15 +0700] "GET /locDSKSH/images/img2.jpg HTTP/1.1" 304 182 "http://localhost/locDSKSH/test.php" "Mozilla/5.0 (X11; Linux x86_64) AppleWebKit/537.36 (KHTML, like Gecko) Chrome/74.0.3729.169 Safari/537.36"
::1 - - [05/Jun/2019:15:16:15 +0700] "GET /locDSKSH/images/img3.jpg HTTP/1.1" 304 181 "http://localhost/locDSKSH/test.php" "Mozilla/5.0 (X11; Linux x86_64) AppleWebKit/537.36 (KHTML, like Gecko) Chrome/74.0.3729.169 Safari/537.36"
::1 - - [05/Jun/2019:15:16:15 +0700] "GET /locDSKSH/images/img4.jpg HTTP/1.1" 304 181 "http://localhost/locDSKSH/test.php" "Mozilla/5.0 (X11; Linux x86_64) AppleWebKit/537.36 (KHTML, like Gecko) Chrome/74.0.3729.169 Safari/537.36"
::1 - - [05/Jun/2019:15:16:15 +0700] "GET /locDSKSH/images/img5.jpg HTTP/1.1" 304 181 "http://localhost/locDSKSH/test.php" "Mozilla/5.0 (X11; Linux x86_64) AppleWebKit/537.36 (KHTML, like Gecko) Chrome/74.0.3729.169 Safari/537.36"
::1 - - [05/Jun/2019:15:16:16 +0700] "GET /locDSKSH/test.php HTTP/1.1" 200 873 "-" "Mozilla/5.0 (X11; Linux x86_64) AppleWebKit/537.36 (KHTML, like Gecko) Chrome/74.0.3729.169 Safari/537.36"
::1 - - [05/Jun/2019:15:16:16 +0700] "GET /locDSKSH/css/style.css HTTP/1.1" 404 511 "http://localhost/locDSKSH/test.php" "Mozilla/5.0 (X11; Linux x86_64) AppleWebKit/537.36 (KHTML, like Gecko) Chrome/74.0.3729.169 Safari/537.36"
::1 - - [05/Jun/2019:15:16:37 +0700] "GET /locDSKSH/test.php HTTP/1.1" 200 891 "-" "Mozilla/5.0 (X11; Linux x86_64) AppleWebKit/537.36 (KHTML, like Gecko) Chrome/74.0.3729.169 Safari/537.36"
::1 - - [05/Jun/2019:15:16:37 +0700] "GET /locDSKSH/css/style.css HTTP/1.1" 404 511 "http://localhost/locDSKSH/test.php" "Mozilla/5.0 (X11; Linux x86_64) AppleWebKit/537.36 (KHTML, like Gecko) Chrome/74.0.3729.169 Safari/537.36"
::1 - - [05/Jun/2019:15:16:37 +0700] "GET /locDSKSH/images/img1.jpg HTTP/1.1" 304 181 "http://localhost/locDSKSH/test.php" "Mozilla/5.0 (X11; Linux x86_64) AppleWebKit/537.36 (KHTML, like Gecko) Chrome/74.0.3729.169 Safari/537.36"
::1 - - [05/Jun/2019:15:16:37 +0700] "GET /locDSKSH/images/img2.jpg HTTP/1.1" 304 182 "http://localhost/locDSKSH/test.php" "Mozilla/5.0 (X11; Linux x86_64) AppleWebKit/537.36 (KHTML, like Gecko) Chrome/74.0.3729.169 Safari/537.36"
::1 - - [05/Jun/2019:15:16:37 +0700] "GET /locDSKSH/images/img3.jpg HTTP/1.1" 304 181 "http://localhost/locDSKSH/test.php" "Mozilla/5.0 (X11; Linux x86_64) AppleWebKit/537.36 (KHTML, like Gecko) Chrome/74.0.3729.169 Safari/537.36"
::1 - - [05/Jun/2019:15:16:37 +0700] "GET /locDSKSH/images/img4.jpg HTTP/1.1" 304 181 "http://localhost/locDSKSH/test.php" "Mozilla/5.0 (X11; Linux x86_64) AppleWebKit/537.36 (KHTML, like Gecko) Chrome/74.0.3729.169 Safari/537.36"
::1 - - [05/Jun/2019:15:16:37 +0700] "GET /locDSKSH/images/img5.jpg HTTP/1.1" 304 181 "http://localhost/locDSKSH/test.php" "Mozilla/5.0 (X11; Linux x86_64) AppleWebKit/537.36 (KHTML, like Gecko) Chrome/74.0.3729.169 Safari/537.36"
::1 - - [05/Jun/2019:15:16:55 +0700] "GET /locDSKSH/test.php HTTP/1.1" 200 892 "-" "Mozilla/5.0 (X11; Linux x86_64) AppleWebKit/537.36 (KHTML, like Gecko) Chrome/74.0.3729.169 Safari/537.36"
::1 - - [05/Jun/2019:15:16:55 +0700] "GET /locDSKSH/css/style.css HTTP/1.1" 404 511 "http://localhost/locDSKSH/test.php" "Mozilla/5.0 (X11; Linux x86_64) AppleWebKit/537.36 (KHTML, like Gecko) Chrome/74.0.3729.169 Safari/537.36"
::1 - - [05/Jun/2019:15:16:55 +0700] "GET /locDSKSH/images/img1.jpg HTTP/1.1" 304 182 "http://localhost/locDSKSH/test.php" "Mozilla/5.0 (X11; Linux x86_64) AppleWebKit/537.36 (KHTML, like Gecko) Chrome/74.0.3729.169 Safari/537.36"
::1 - - [05/Jun/2019:15:16:55 +0700] "GET /locDSKSH/images/img2.jpg HTTP/1.1" 304 182 "http://localhost/locDSKSH/test.php" "Mozilla/5.0 (X11; Linux x86_64) AppleWebKit/537.36 (KHTML, like Gecko) Chrome/74.0.3729.169 Safari/537.36"
::1 - - [05/Jun/2019:15:16:55 +0700] "GET /locDSKSH/images/img3.jpg HTTP/1.1" 304 181 "http://localhost/locDSKSH/test.php" "Mozilla/5.0 (X11; Linux x86_64) AppleWebKit/537.36 (KHTML, like Gecko) Chrome/74.0.3729.169 Safari/537.36"
::1 - - [05/Jun/2019:15:16:55 +0700] "GET /locDSKSH/images/img4.jpg HTTP/1.1" 304 181 "http://localhost/locDSKSH/test.php" "Mozilla/5.0 (X11; Linux x86_64) AppleWebKit/537.36 (KHTML, like Gecko) Chrome/74.0.3729.169 Safari/537.36"
::1 - - [05/Jun/2019:15:16:55 +0700] "GET /locDSKSH/images/img5.jpg HTTP/1.1" 304 181 "http://localhost/locDSKSH/test.php" "Mozilla/5.0 (X11; Linux x86_64) AppleWebKit/537.36 (KHTML, like Gecko) Chrome/74.0.3729.169 Safari/537.36"
::1 - - [05/Jun/2019:15:17:10 +0700] "GET /locDSKSH/test.php HTTP/1.1" 200 883 "-" "Mozilla/5.0 (X11; Linux x86_64) AppleWebKit/537.36 (KHTML, like Gecko) Chrome/74.0.3729.169 Safari/537.36"
::1 - - [05/Jun/2019:15:17:10 +0700] "GET /locDSKSH/css/style.css HTTP/1.1" 404 511 "http://localhost/locDSKSH/test.php" "Mozilla/5.0 (X11; Linux x86_64) AppleWebKit/537.36 (KHTML, like Gecko) Chrome/74.0.3729.169 Safari/537.36"
::1 - - [05/Jun/2019:15:17:11 +0700] "GET /locDSKSH/test.php HTTP/1.1" 200 882 "-" "Mozilla/5.0 (X11; Linux x86_64) AppleWebKit/537.36 (KHTML, like Gecko) Chrome/74.0.3729.169 Safari/537.36"
::1 - - [05/Jun/2019:15:17:11 +0700] "GET /locDSKSH/css/style.css HTTP/1.1" 404 511 "http://localhost/locDSKSH/test.php" "Mozilla/5.0 (X11; Linux x86_64) AppleWebKit/537.36 (KHTML, like Gecko) Chrome/74.0.3729.169 Safari/537.36"
::1 - - [05/Jun/2019:15:17:11 +0700] "GET /locDSKSH/test.php HTTP/1.1" 200 882 "-" "Mozilla/5.0 (X11; Linux x86_64) AppleWebKit/537.36 (KHTML, like Gecko) Chrome/74.0.3729.169 Safari/537.36"
::1 - - [05/Jun/2019:15:17:11 +0700] "GET /locDSKSH/css/style.css HTTP/1.1" 404 511 "http://localhost/locDSKSH/test.php" "Mozilla/5.0 (X11; Linux x86_64) AppleWebKit/537.36 (KHTML, like Gecko) Chrome/74.0.3729.169 Safari/537.36"
::1 - - [05/Jun/2019:15:17:11 +0700] "GET /locDSKSH/images/img2.jpg HTTP/1.1" 304 181 "http://localhost/locDSKSH/test.php" "Mozilla/5.0 (X11; Linux x86_64) AppleWebKit/537.36 (KHTML, like Gecko) Chrome/74.0.3729.169 Safari/537.36"
::1 - - [05/Jun/2019:15:17:11 +0700] "GET /locDSKSH/images/img3.jpg HTTP/1.1" 304 182 "http://localhost/locDSKSH/test.php" "Mozilla/5.0 (X11; Linux x86_64) AppleWebKit/537.36 (KHTML, like Gecko) Chrome/74.0.3729.169 Safari/537.36"
::1 - - [05/Jun/2019:15:17:11 +0700] "GET /locDSKSH/images/img4.jpg HTTP/1.1" 304 181 "http://localhost/locDSKSH/test.php" "Mozilla/5.0 (X11; Linux x86_64) AppleWebKit/537.36 (KHTML, like Gecko) Chrome/74.0.3729.169 Safari/537.36"
::1 - - [05/Jun/2019:15:17:11 +0700] "GET /locDSKSH/images/img5.jpg HTTP/1.1" 304 181 "http://localhost/locDSKSH/test.php" "Mozilla/5.0 (X11; Linux x86_64) AppleWebKit/537.36 (KHTML, like Gecko) Chrome/74.0.3729.169 Safari/537.36"
::1 - - [05/Jun/2019:15:17:21 +0700] "GET /locDSKSH/test.php HTTP/1.1" 200 891 "-" "Mozilla/5.0 (X11; Linux x86_64) AppleWebKit/537.36 (KHTML, like Gecko) Chrome/74.0.3729.169 Safari/537.36"
::1 - - [05/Jun/2019:15:17:21 +0700] "GET /locDSKSH/css/style.css HTTP/1.1" 404 511 "http://localhost/locDSKSH/test.php" "Mozilla/5.0 (X11; Linux x86_64) AppleWebKit/537.36 (KHTML, like Gecko) Chrome/74.0.3729.169 Safari/537.36"
::1 - - [05/Jun/2019:15:17:21 +0700] "GET /locDSKSH/images/img1.jpg HTTP/1.1" 304 182 "http://localhost/locDSKSH/test.php" "Mozilla/5.0 (X11; Linux x86_64) AppleWebKit/537.36 (KHTML, like Gecko) Chrome/74.0.3729.169 Safari/537.36"
::1 - - [05/Jun/2019:15:17:37 +0700] "GET /locDSKSH/test.php HTTP/1.1" 200 893 "-" "Mozilla/5.0 (X11; Linux x86_64) AppleWebKit/537.36 (KHTML, like Gecko) Chrome/74.0.3729.169 Safari/537.36"
::1 - - [05/Jun/2019:15:17:37 +0700] "GET /locDSKSH/css/style.css HTTP/1.1" 404 511 "http://localhost/locDSKSH/test.php" "Mozilla/5.0 (X11; Linux x86_64) AppleWebKit/537.36 (KHTML, like Gecko) Chrome/74.0.3729.169 Safari/537.36"
::1 - - [05/Jun/2019:15:17:37 +0700] "GET /locDSKSH/images/img2.jpg HTTP/1.1" 304 181 "http://localhost/locDSKSH/test.php" "Mozilla/5.0 (X11; Linux x86_64) AppleWebKit/537.36 (KHTML, like Gecko) Chrome/74.0.3729.169 Safari/537.36"
::1 - - [05/Jun/2019:15:17:37 +0700] "GET /locDSKSH/images/img3.jpg HTTP/1.1" 304 181 "http://localhost/locDSKSH/test.php" "Mozilla/5.0 (X11; Linux x86_64) AppleWebKit/537.36 (KHTML, like Gecko) Chrome/74.0.3729.169 Safari/537.36"
::1 - - [05/Jun/2019:15:17:37 +0700] "GET /locDSKSH/images/img4.jpg HTTP/1.1" 304 181 "http://localhost/locDSKSH/test.php" "Mozilla/5.0 (X11; Linux x86_64) AppleWebKit/537.36 (KHTML, like Gecko) Chrome/74.0.3729.169 Safari/537.36"
::1 - - [05/Jun/2019:15:17:37 +0700] "GET /locDSKSH/images/img5.jpg HTTP/1.1" 304 182 "http://localhost/locDSKSH/test.php" "Mozilla/5.0 (X11; Linux x86_64) AppleWebKit/537.36 (KHTML, like Gecko) Chrome/74.0.3729.169 Safari/537.36"
::1 - - [05/Jun/2019:15:17:49 +0700] "GET /locDSKSH/test.php HTTP/1.1" 200 889 "-" "Mozilla/5.0 (X11; Linux x86_64) AppleWebKit/537.36 (KHTML, like Gecko) Chrome/74.0.3729.169 Safari/537.36"
::1 - - [05/Jun/2019:15:17:49 +0700] "GET /locDSKSH/css/style.css HTTP/1.1" 404 511 "http://localhost/locDSKSH/test.php" "Mozilla/5.0 (X11; Linux x86_64) AppleWebKit/537.36 (KHTML, like Gecko) Chrome/74.0.3729.169 Safari/537.36"
::1 - - [05/Jun/2019:15:17:49 +0700] "GET /locDSKSH/images/img1.jpg HTTP/1.1" 304 182 "http://localhost/locDSKSH/test.php" "Mozilla/5.0 (X11; Linux x86_64) AppleWebKit/537.36 (KHTML, like Gecko) Chrome/74.0.3729.169 Safari/537.36"
::1 - - [05/Jun/2019:15:18:22 +0700] "GET /locDSKSH/test.php HTTP/1.1" 200 874 "-" "Mozilla/5.0 (X11; Linux x86_64) AppleWebKit/537.36 (KHTML, like Gecko) Chrome/74.0.3729.169 Safari/537.36"
::1 - - [05/Jun/2019:15:18:22 +0700] "GET /locDSKSH/css/style.css HTTP/1.1" 404 511 "http://localhost/locDSKSH/test.php" "Mozilla/5.0 (X11; Linux x86_64) AppleWebKit/537.36 (KHTML, like Gecko) Chrome/74.0.3729.169 Safari/537.36"
::1 - - [05/Jun/2019:15:18:22 +0700] "GET /locDSKSH/images/img1.jpg HTTP/1.1" 304 182 "http://localhost/locDSKSH/test.php" "Mozilla/5.0 (X11; Linux x86_64) AppleWebKit/537.36 (KHTML, like Gecko) Chrome/74.0.3729.169 Safari/537.36"
::1 - - [05/Jun/2019:15:18:22 +0700] "GET /locDSKSH/images/img2.jpg HTTP/1.1" 304 182 "http://localhost/locDSKSH/test.php" "Mozilla/5.0 (X11; Linux x86_64) AppleWebKit/537.36 (KHTML, like Gecko) Chrome/74.0.3729.169 Safari/537.36"
::1 - - [05/Jun/2019:15:18:22 +0700] "GET /locDSKSH/images/img3.jpg HTTP/1.1" 304 181 "http://localhost/locDSKSH/test.php" "Mozilla/5.0 (X11; Linux x86_64) AppleWebKit/537.36 (KHTML, like Gecko) Chrome/74.0.3729.169 Safari/537.36"
::1 - - [05/Jun/2019:15:18:22 +0700] "GET /locDSKSH/images/img4.jpg HTTP/1.1" 304 181 "http://localhost/locDSKSH/test.php" "Mozilla/5.0 (X11; Linux x86_64) AppleWebKit/537.36 (KHTML, like Gecko) Chrome/74.0.3729.169 Safari/537.36"
::1 - - [05/Jun/2019:15:18:22 +0700] "GET /locDSKSH/images/img5.jpg HTTP/1.1" 304 181 "http://localhost/locDSKSH/test.php" "Mozilla/5.0 (X11; Linux x86_64) AppleWebKit/537.36 (KHTML, like Gecko) Chrome/74.0.3729.169 Safari/537.36"
::1 - - [05/Jun/2019:15:18:29 +0700] "GET /locDSKSH/test.php HTTP/1.1" 200 874 "-" "Mozilla/5.0 (X11; Linux x86_64) AppleWebKit/537.36 (KHTML, like Gecko) Chrome/74.0.3729.169 Safari/537.36"
::1 - - [05/Jun/2019:15:18:29 +0700] "GET /locDSKSH/css/style.css HTTP/1.1" 404 511 "http://localhost/locDSKSH/test.php" "Mozilla/5.0 (X11; Linux x86_64) AppleWebKit/537.36 (KHTML, like Gecko) Chrome/74.0.3729.169 Safari/537.36"
::1 - - [05/Jun/2019:15:18:44 +0700] "GET /locDSKSH/test.php HTTP/1.1" 200 883 "-" "Mozilla/5.0 (X11; Linux x86_64) AppleWebKit/537.36 (KHTML, like Gecko) Chrome/74.0.3729.169 Safari/537.36"
::1 - - [05/Jun/2019:15:18:44 +0700] "GET /locDSKSH/css/style.css HTTP/1.1" 404 511 "http://localhost/locDSKSH/test.php" "Mozilla/5.0 (X11; Linux x86_64) AppleWebKit/537.36 (KHTML, like Gecko) Chrome/74.0.3729.169 Safari/537.36"
::1 - - [05/Jun/2019:15:18:51 +0700] "POST /locDSKSH/test.php HTTP/1.1" 200 657 "http://localhost/locDSKSH/test.php" "Mozilla/5.0 (X11; Linux x86_64) AppleWebKit/537.36 (KHTML, like Gecko) Chrome/74.0.3729.169 Safari/537.36"
::1 - - [05/Jun/2019:15:18:51 +0700] "GET /locDSKSH/css/style.css HTTP/1.1" 404 511 "http://localhost/locDSKSH/test.php" "Mozilla/5.0 (X11; Linux x86_64) AppleWebKit/537.36 (KHTML, like Gecko) Chrome/74.0.3729.169 Safari/537.36"
::1 - - [05/Jun/2019:15:18:56 +0700] "GET /locDSKSH/test.php HTTP/1.1" 200 882 "-" "Mozilla/5.0 (X11; Linux x86_64) AppleWebKit/537.36 (KHTML, like Gecko) Chrome/74.0.3729.169 Safari/537.36"
::1 - - [05/Jun/2019:15:18:59 +0700] "GET /locDSKSH/test.php HTTP/1.1" 200 882 "-" "Mozilla/5.0 (X11; Linux x86_64) AppleWebKit/537.36 (KHTML, like Gecko) Chrome/74.0.3729.169 Safari/537.36"
::1 - - [05/Jun/2019:15:18:59 +0700] "GET /locDSKSH/css/style.css HTTP/1.1" 404 511 "http://localhost/locDSKSH/test.php" "Mozilla/5.0 (X11; Linux x86_64) AppleWebKit/537.36 (KHTML, like Gecko) Chrome/74.0.3729.169 Safari/537.36"
::1 - - [05/Jun/2019:15:18:59 +0700] "GET /locDSKSH/images/img1.jpg HTTP/1.1" 304 182 "http://localhost/locDSKSH/test.php" "Mozilla/5.0 (X11; Linux x86_64) AppleWebKit/537.36 (KHTML, like Gecko) Chrome/74.0.3729.169 Safari/537.36"
::1 - - [05/Jun/2019:15:18:59 +0700] "GET /locDSKSH/images/img2.jpg HTTP/1.1" 304 182 "http://localhost/locDSKSH/test.php" "Mozilla/5.0 (X11; Linux x86_64) AppleWebKit/537.36 (KHTML, like Gecko) Chrome/74.0.3729.169 Safari/537.36"
::1 - - [05/Jun/2019:15:18:59 +0700] "GET /locDSKSH/images/img3.jpg HTTP/1.1" 304 181 "http://localhost/locDSKSH/test.php" "Mozilla/5.0 (X11; Linux x86_64) AppleWebKit/537.36 (KHTML, like Gecko) Chrome/74.0.3729.169 Safari/537.36"
::1 - - [05/Jun/2019:15:18:59 +0700] "GET /locDSKSH/images/img4.jpg HTTP/1.1" 304 181 "http://localhost/locDSKSH/test.php" "Mozilla/5.0 (X11; Linux x86_64) AppleWebKit/537.36 (KHTML, like Gecko) Chrome/74.0.3729.169 Safari/537.36"
::1 - - [05/Jun/2019:15:18:59 +0700] "GET /locDSKSH/images/img5.jpg HTTP/1.1" 304 182 "http://localhost/locDSKSH/test.php" "Mozilla/5.0 (X11; Linux x86_64) AppleWebKit/537.36 (KHTML, like Gecko) Chrome/74.0.3729.169 Safari/537.36"
::1 - - [05/Jun/2019:15:20:01 +0700] "POST /locDSKSH/test.php HTTP/1.1" 200 657 "http://localhost/locDSKSH/test.php" "Mozilla/5.0 (X11; Linux x86_64) AppleWebKit/537.36 (KHTML, like Gecko) Chrome/74.0.3729.169 Safari/537.36"
::1 - - [05/Jun/2019:15:20:01 +0700] "GET /locDSKSH/css/style.css HTTP/1.1" 404 511 "http://localhost/locDSKSH/test.php" "Mozilla/5.0 (X11; Linux x86_64) AppleWebKit/537.36 (KHTML, like Gecko) Chrome/74.0.3729.169 Safari/537.36"
::1 - - [05/Jun/2019:15:21:13 +0700] "POST /locDSKSH/test.php HTTP/1.1" 200 657 "http://localhost/locDSKSH/test.php" "Mozilla/5.0 (X11; Linux x86_64) AppleWebKit/537.36 (KHTML, like Gecko) Chrome/74.0.3729.169 Safari/537.36"
::1 - - [05/Jun/2019:15:21:13 +0700] "GET /locDSKSH/css/style.css HTTP/1.1" 404 511 "http://localhost/locDSKSH/test.php" "Mozilla/5.0 (X11; Linux x86_64) AppleWebKit/537.36 (KHTML, like Gecko) Chrome/74.0.3729.169 Safari/537.36"
::1 - - [05/Jun/2019:15:21:15 +0700] "GET /locDSKSH/test.php HTTP/1.1" 200 873 "-" "Mozilla/5.0 (X11; Linux x86_64) AppleWebKit/537.36 (KHTML, like Gecko) Chrome/74.0.3729.169 Safari/537.36"
::1 - - [05/Jun/2019:15:21:15 +0700] "GET /locDSKSH/css/style.css HTTP/1.1" 404 511 "http://localhost/locDSKSH/test.php" "Mozilla/5.0 (X11; Linux x86_64) AppleWebKit/537.36 (KHTML, like Gecko) Chrome/74.0.3729.169 Safari/537.36"
::1 - - [05/Jun/2019:15:21:15 +0700] "GET /locDSKSH/images/img1.jpg HTTP/1.1" 304 181 "http://localhost/locDSKSH/test.php" "Mozilla/5.0 (X11; Linux x86_64) AppleWebKit/537.36 (KHTML, like Gecko) Chrome/74.0.3729.169 Safari/537.36"
::1 - - [05/Jun/2019:15:21:15 +0700] "GET /locDSKSH/images/img2.jpg HTTP/1.1" 304 182 "http://localhost/locDSKSH/test.php" "Mozilla/5.0 (X11; Linux x86_64) AppleWebKit/537.36 (KHTML, like Gecko) Chrome/74.0.3729.169 Safari/537.36"
::1 - - [05/Jun/2019:15:21:15 +0700] "GET /locDSKSH/images/img3.jpg HTTP/1.1" 304 181 "http://localhost/locDSKSH/test.php" "Mozilla/5.0 (X11; Linux x86_64) AppleWebKit/537.36 (KHTML, like Gecko) Chrome/74.0.3729.169 Safari/537.36"
::1 - - [05/Jun/2019:15:21:16 +0700] "GET /locDSKSH/images/img4.jpg HTTP/1.1" 304 181 "http://localhost/locDSKSH/test.php" "Mozilla/5.0 (X11; Linux x86_64) AppleWebKit/537.36 (KHTML, like Gecko) Chrome/74.0.3729.169 Safari/537.36"
::1 - - [05/Jun/2019:15:21:16 +0700] "GET /locDSKSH/images/img5.jpg HTTP/1.1" 304 181 "http://localhost/locDSKSH/test.php" "Mozilla/5.0 (X11; Linux x86_64) AppleWebKit/537.36 (KHTML, like Gecko) Chrome/74.0.3729.169 Safari/537.36"
::1 - - [05/Jun/2019:15:21:26 +0700] "GET /locDSKSH/test.php HTTP/1.1" 200 883 "-" "Mozilla/5.0 (X11; Linux x86_64) AppleWebKit/537.36 (KHTML, like Gecko) Chrome/74.0.3729.169 Safari/537.36"
::1 - - [05/Jun/2019:15:21:26 +0700] "GET /locDSKSH/css/style.css HTTP/1.1" 404 511 "http://localhost/locDSKSH/test.php" "Mozilla/5.0 (X11; Linux x86_64) AppleWebKit/537.36 (KHTML, like Gecko) Chrome/74.0.3729.169 Safari/537.36"
::1 - - [05/Jun/2019:15:21:31 +0700] "POST /locDSKSH/test.php HTTP/1.1" 200 827 "http://localhost/locDSKSH/test.php" "Mozilla/5.0 (X11; Linux x86_64) AppleWebKit/537.36 (KHTML, like Gecko) Chrome/74.0.3729.169 Safari/537.36"
::1 - - [05/Jun/2019:15:21:31 +0700] "GET /locDSKSH/css/style.css HTTP/1.1" 404 511 "http://localhost/locDSKSH/test.php" "Mozilla/5.0 (X11; Linux x86_64) AppleWebKit/537.36 (KHTML, like Gecko) Chrome/74.0.3729.169 Safari/537.36"
::1 - - [05/Jun/2019:15:27:45 +0700] "POST /locDSKSH/test.php HTTP/1.1" 200 827 "http://localhost/locDSKSH/test.php" "Mozilla/5.0 (X11; Linux x86_64) AppleWebKit/537.36 (KHTML, like Gecko) Chrome/74.0.3729.169 Safari/537.36"
::1 - - [05/Jun/2019:15:27:45 +0700] "GET /locDSKSH/css/style.css HTTP/1.1" 404 511 "http://localhost/locDSKSH/test.php" "Mozilla/5.0 (X11; Linux x86_64) AppleWebKit/537.36 (KHTML, like Gecko) Chrome/74.0.3729.169 Safari/537.36"
::1 - - [05/Jun/2019:15:27:45 +0700] "GET /locDSKSH/images/img1.png HTTP/1.1" 200 1147 "http://localhost/locDSKSH/test.php" "Mozilla/5.0 (X11; Linux x86_64) AppleWebKit/537.36 (KHTML, like Gecko) Chrome/74.0.3729.169 Safari/537.36"
::1 - - [05/Jun/2019:15:27:45 +0700] "GET /locDSKSH/images/img2.png HTTP/1.1" 200 1147 "http://localhost/locDSKSH/test.php" "Mozilla/5.0 (X11; Linux x86_64) AppleWebKit/537.36 (KHTML, like Gecko) Chrome/74.0.3729.169 Safari/537.36"
::1 - - [05/Jun/2019:15:27:45 +0700] "GET /locDSKSH/images/img3.png HTTP/1.1" 200 1445 "http://localhost/locDSKSH/test.php" "Mozilla/5.0 (X11; Linux x86_64) AppleWebKit/537.36 (KHTML, like Gecko) Chrome/74.0.3729.169 Safari/537.36"
::1 - - [05/Jun/2019:15:27:49 +0700] "GET /locDSKSH/test.php HTTP/1.1" 200 881 "-" "Mozilla/5.0 (X11; Linux x86_64) AppleWebKit/537.36 (KHTML, like Gecko) Chrome/74.0.3729.169 Safari/537.36"
::1 - - [05/Jun/2019:15:27:49 +0700] "GET /locDSKSH/css/style.css HTTP/1.1" 404 511 "http://localhost/locDSKSH/test.php" "Mozilla/5.0 (X11; Linux x86_64) AppleWebKit/537.36 (KHTML, like Gecko) Chrome/74.0.3729.169 Safari/537.36"
::1 - - [05/Jun/2019:15:27:49 +0700] "GET /locDSKSH/images/img5.png HTTP/1.1" 200 1003 "http://localhost/locDSKSH/test.php" "Mozilla/5.0 (X11; Linux x86_64) AppleWebKit/537.36 (KHTML, like Gecko) Chrome/74.0.3729.169 Safari/537.36"
::1 - - [05/Jun/2019:15:27:49 +0700] "GET /locDSKSH/images/img4.png HTTP/1.1" 200 1956 "http://localhost/locDSKSH/test.php" "Mozilla/5.0 (X11; Linux x86_64) AppleWebKit/537.36 (KHTML, like Gecko) Chrome/74.0.3729.169 Safari/537.36"
::1 - - [05/Jun/2019:15:28:10 +0700] "GET /locDSKSH/test.php HTTP/1.1" 200 875 "-" "Mozilla/5.0 (X11; Linux x86_64) AppleWebKit/537.36 (KHTML, like Gecko) Chrome/74.0.3729.169 Safari/537.36"
::1 - - [05/Jun/2019:15:28:10 +0700] "GET /locDSKSH/css/style.css HTTP/1.1" 404 511 "http://localhost/locDSKSH/test.php" "Mozilla/5.0 (X11; Linux x86_64) AppleWebKit/537.36 (KHTML, like Gecko) Chrome/74.0.3729.169 Safari/537.36"
::1 - - [05/Jun/2019:15:28:10 +0700] "GET /locDSKSH/images/img1.png HTTP/1.1" 304 181 "http://localhost/locDSKSH/test.php" "Mozilla/5.0 (X11; Linux x86_64) AppleWebKit/537.36 (KHTML, like Gecko) Chrome/74.0.3729.169 Safari/537.36"
::1 - - [05/Jun/2019:15:28:10 +0700] "GET /locDSKSH/images/img2.png HTTP/1.1" 304 180 "http://localhost/locDSKSH/test.php" "Mozilla/5.0 (X11; Linux x86_64) AppleWebKit/537.36 (KHTML, like Gecko) Chrome/74.0.3729.169 Safari/537.36"
::1 - - [05/Jun/2019:15:28:10 +0700] "GET /locDSKSH/images/img3.png HTTP/1.1" 304 181 "http://localhost/locDSKSH/test.php" "Mozilla/5.0 (X11; Linux x86_64) AppleWebKit/537.36 (KHTML, like Gecko) Chrome/74.0.3729.169 Safari/537.36"
::1 - - [05/Jun/2019:15:28:10 +0700] "GET /locDSKSH/images/img4.png HTTP/1.1" 304 180 "http://localhost/locDSKSH/test.php" "Mozilla/5.0 (X11; Linux x86_64) AppleWebKit/537.36 (KHTML, like Gecko) Chrome/74.0.3729.169 Safari/537.36"
::1 - - [05/Jun/2019:15:28:10 +0700] "GET /locDSKSH/images/img5.png HTTP/1.1" 304 180 "http://localhost/locDSKSH/test.php" "Mozilla/5.0 (X11; Linux x86_64) AppleWebKit/537.36 (KHTML, like Gecko) Chrome/74.0.3729.169 Safari/537.36"
::1 - - [05/Jun/2019:15:39:22 +0700] "GET /taoLayout HTTP/1.1" 301 574 "-" "Mozilla/5.0 (X11; Linux x86_64) AppleWebKit/537.36 (KHTML, like Gecko) Chrome/74.0.3729.169 Safari/537.36"
::1 - - [05/Jun/2019:15:39:22 +0700] "GET /taoLayout/ HTTP/1.1" 200 678 "-" "Mozilla/5.0 (X11; Linux x86_64) AppleWebKit/537.36 (KHTML, like Gecko) Chrome/74.0.3729.169 Safari/537.36"
::1 - - [05/Jun/2019:15:39:23 +0700] "GET /taoLayout/style.css HTTP/1.1" 404 508 "http://localhost/taoLayout/" "Mozilla/5.0 (X11; Linux x86_64) AppleWebKit/537.36 (KHTML, like Gecko) Chrome/74.0.3729.169 Safari/537.36"
::1 - - [05/Jun/2019:15:40:49 +0700] "GET /taoLayout/ HTTP/1.1" 200 679 "-" "Mozilla/5.0 (X11; Linux x86_64) AppleWebKit/537.36 (KHTML, like Gecko) Chrome/74.0.3729.169 Safari/537.36"
::1 - - [05/Jun/2019:15:40:49 +0700] "GET /taoLayout/style.css HTTP/1.1" 200 585 "http://localhost/taoLayout/" "Mozilla/5.0 (X11; Linux x86_64) AppleWebKit/537.36 (KHTML, like Gecko) Chrome/74.0.3729.169 Safari/537.36"
::1 - - [05/Jun/2019:15:46:37 +0700] "GET /openlog HTTP/1.1" 301 570 "-" "Mozilla/5.0 (X11; Linux x86_64) AppleWebKit/537.36 (KHTML, like Gecko) Chrome/74.0.3729.169 Safari/537.36"
::1 - - [05/Jun/2019:15:46:37 +0700] "GET /openlog/ HTTP/1.1" 200 703 "-" "Mozilla/5.0 (X11; Linux x86_64) AppleWebKit/537.36 (KHTML, like Gecko) Chrome/74.0.3729.169 Safari/537.36"
::1 - - [05/Jun/2019:15:46:39 +0700] "GET /openlog/log.php HTTP/1.1" 200 229 "http://localhost/openlog/" "Mozilla/5.0 (X11; Linux x86_64) AppleWebKit/537.36 (KHTML, like Gecko) Chrome/74.0.3729.169 Safari/537.36"
::1 - - [05/Jun/2019:15:49:03 +0700] "GET /openlog/log.php HTTP/1.1" 200 232 "http://localhost/openlog/" "Mozilla/5.0 (X11; Linux x86_64) AppleWebKit/537.36 (KHTML, like Gecko) Chrome/74.0.3729.169 Safari/537.36"
::1 - - [05/Jun/2019:15:49:27 +0700] "GET /openlog/log.php HTTP/1.1" 500 185 "http://localhost/openlog/" "Mozilla/5.0 (X11; Linux x86_64) AppleWebKit/537.36 (KHTML, like Gecko) Chrome/74.0.3729.169 Safari/537.36"
