[Tue Jun 04 23:34:00.624841 2019] [mpm_event:notice] [pid 7683:tid 140415715171264] AH00489: Apache/2.4.29 (Ubuntu) configured -- resuming normal operations
[Tue Jun 04 23:34:00.624954 2019] [core:notice] [pid 7683:tid 140415715171264] AH00094: Command line: '/usr/sbin/apache2'
[Tue Jun 04 23:35:28.717590 2019] [mpm_event:notice] [pid 7683:tid 140415715171264] AH00491: caught SIGTERM, shutting down
[Tue Jun 04 23:35:28.805254 2019] [mpm_prefork:notice] [pid 15472] AH00163: Apache/2.4.29 (Ubuntu) configured -- resuming normal operations
[Tue Jun 04 23:35:28.805358 2019] [core:notice] [pid 15472] AH00094: Command line: '/usr/sbin/apache2'
[Tue Jun 04 23:35:29.155368 2019] [mpm_prefork:notice] [pid 15472] AH00169: caught SIGTERM, shutting down
[Tue Jun 04 23:35:29.240333 2019] [mpm_prefork:notice] [pid 15531] AH00163: Apache/2.4.29 (Ubuntu) configured -- resuming normal operations
[Tue Jun 04 23:35:29.240379 2019] [core:notice] [pid 15531] AH00094: Command line: '/usr/sbin/apache2'
[Tue Jun 04 23:44:16.571275 2019] [mpm_prefork:notice] [pid 15531] AH00169: caught SIGTERM, shutting down
[Tue Jun 04 23:44:36.224460 2019] [mpm_prefork:notice] [pid 996] AH00163: Apache/2.4.29 (Ubuntu) configured -- resuming normal operations
[Tue Jun 04 23:44:36.224647 2019] [core:notice] [pid 996] AH00094: Command line: '/usr/sbin/apache2'
[Wed Jun 05 01:21:48.075302 2019] [php7:error] [pid 8212] [client ::1:51304] PHP Fatal error:  Maximum execution time of 30 seconds exceeded in /var/www/html/hinhhoc/triangle.php on line 11, referer: http://localhost/hinhhoc/
[Wed Jun 05 01:41:28.488904 2019] [php7:error] [pid 999] [client ::1:52502] script '/var/www/html/hinhhoc/triangle.php' not found or unable to stat, referer: http://localhost/hinhhoc/
[Wed Jun 05 02:02:43.109971 2019] [mpm_prefork:notice] [pid 996] AH00169: caught SIGTERM, shutting down
[Wed Jun 05 08:21:12.252263 2019] [mpm_prefork:notice] [pid 1033] AH00163: Apache/2.4.29 (Ubuntu) configured -- resuming normal operations
[Wed Jun 05 08:21:12.252436 2019] [core:notice] [pid 1033] AH00094: Command line: '/usr/sbin/apache2'
[Wed Jun 05 08:54:15.154517 2019] [php7:warn] [pid 1037] [client ::1:33284] PHP Warning:  readfile(gfg.txt): failed to open stream: No such file or directory in /var/www/html/thaotacvoifile/readfile.php on line 5, referer: http://localhost/thaotacvoifile/
[Wed Jun 05 09:05:18.252778 2019] [php7:warn] [pid 4777] [client 127.0.0.1:40460] PHP Warning:  readfile(gfg.txt): failed to open stream: No such file or directory in /var/www/html/thaotacvoifile/sample.php on line 5, referer: http://localhost/thaotacvoifile/
[Wed Jun 05 09:06:07.040126 2019] [php7:warn] [pid 1035] [client 127.0.0.1:40476] PHP Warning:  readfile(gfg.txt): failed to open stream: No such file or directory in /var/www/html/thaotacvoifile/sample.php on line 5, referer: http://localhost/thaotacvoifile/
[Wed Jun 05 09:23:30.447083 2019] [php7:warn] [pid 4781] [client ::1:34592] PHP Warning:  fopen(lostcontrol.mp3): failed to open stream: Permission denied in /var/www/html/thaotacvoifile/sample.php on line 30, referer: http://localhost/thaotacvoifile/
[Wed Jun 05 09:23:59.011029 2019] [php7:warn] [pid 4777] [client ::1:34598] PHP Warning:  fopen(/home/var/www/html/thaotacvoifile/lostcontrol.mp3): failed to open stream: No such file or directory in /var/www/html/thaotacvoifile/sample.php on line 24, referer: http://localhost/thaotacvoifile/
[Wed Jun 05 09:23:59.992133 2019] [php7:warn] [pid 4777] [client ::1:34598] PHP Warning:  fopen(/home/var/www/html/thaotacvoifile/lostcontrol.mp3): failed to open stream: No such file or directory in /var/www/html/thaotacvoifile/sample.php on line 24, referer: http://localhost/thaotacvoifile/
[Wed Jun 05 09:24:00.712840 2019] [php7:warn] [pid 4777] [client ::1:34598] PHP Warning:  fopen(/home/var/www/html/thaotacvoifile/lostcontrol.mp3): failed to open stream: No such file or directory in /var/www/html/thaotacvoifile/sample.php on line 24, referer: http://localhost/thaotacvoifile/
[Wed Jun 05 09:24:00.871398 2019] [php7:warn] [pid 4777] [client ::1:34598] PHP Warning:  fopen(/home/var/www/html/thaotacvoifile/lostcontrol.mp3): failed to open stream: No such file or directory in /var/www/html/thaotacvoifile/sample.php on line 24, referer: http://localhost/thaotacvoifile/
[Wed Jun 05 09:24:02.356198 2019] [php7:warn] [pid 4777] [client ::1:34598] PHP Warning:  fopen(/home/var/www/html/thaotacvoifile/lostcontrol.mp3): failed to open stream: No such file or directory in /var/www/html/thaotacvoifile/sample.php on line 24
[Wed Jun 05 11:36:17.152898 2019] [php7:warn] [pid 4780] [client ::1:35458] PHP Warning:  fopen(gfg.txt): failed to open stream: No such file or directory in /var/www/html/thaotacvoifile/fopen.php on line 11
[Wed Jun 05 11:36:17.153041 2019] [php7:warn] [pid 4780] [client ::1:35458] PHP Warning:  fread() expects parameter 1 to be resource, boolean given in /var/www/html/thaotacvoifile/fopen.php on line 12
[Wed Jun 05 11:36:17.153088 2019] [php7:warn] [pid 4780] [client ::1:35458] PHP Warning:  fclose() expects parameter 1 to be resource, boolean given in /var/www/html/thaotacvoifile/fopen.php on line 13
[Wed Jun 05 11:36:18.214097 2019] [php7:warn] [pid 4780] [client ::1:35458] PHP Warning:  fopen(gfg.txt): failed to open stream: No such file or directory in /var/www/html/thaotacvoifile/fopen.php on line 11
[Wed Jun 05 11:36:18.214251 2019] [php7:warn] [pid 4780] [client ::1:35458] PHP Warning:  fread() expects parameter 1 to be resource, boolean given in /var/www/html/thaotacvoifile/fopen.php on line 12
[Wed Jun 05 11:36:18.214301 2019] [php7:warn] [pid 4780] [client ::1:35458] PHP Warning:  fclose() expects parameter 1 to be resource, boolean given in /var/www/html/thaotacvoifile/fopen.php on line 13
[Wed Jun 05 11:36:18.466099 2019] [php7:warn] [pid 4780] [client ::1:35458] PHP Warning:  fopen(gfg.txt): failed to open stream: No such file or directory in /var/www/html/thaotacvoifile/fopen.php on line 11
[Wed Jun 05 11:36:18.466170 2019] [php7:warn] [pid 4780] [client ::1:35458] PHP Warning:  fread() expects parameter 1 to be resource, boolean given in /var/www/html/thaotacvoifile/fopen.php on line 12
[Wed Jun 05 11:36:18.466199 2019] [php7:warn] [pid 4780] [client ::1:35458] PHP Warning:  fclose() expects parameter 1 to be resource, boolean given in /var/www/html/thaotacvoifile/fopen.php on line 13
[Wed Jun 05 11:36:18.670217 2019] [php7:warn] [pid 4780] [client ::1:35458] PHP Warning:  fopen(gfg.txt): failed to open stream: No such file or directory in /var/www/html/thaotacvoifile/fopen.php on line 11
[Wed Jun 05 11:36:18.670346 2019] [php7:warn] [pid 4780] [client ::1:35458] PHP Warning:  fread() expects parameter 1 to be resource, boolean given in /var/www/html/thaotacvoifile/fopen.php on line 12
[Wed Jun 05 11:36:18.670410 2019] [php7:warn] [pid 4780] [client ::1:35458] PHP Warning:  fclose() expects parameter 1 to be resource, boolean given in /var/www/html/thaotacvoifile/fopen.php on line 13
[Wed Jun 05 11:41:49.710949 2019] [php7:warn] [pid 1036] [client ::1:35546] PHP Warning:  fopen(gfg.txt): failed to open stream: Permission denied in /var/www/html/thaotacvoifile/program4.php on line 4, referer: http://localhost/thaotacvoifile/
[Wed Jun 05 11:41:49.711173 2019] [php7:warn] [pid 1036] [client ::1:35546] PHP Warning:  fwrite() expects parameter 1 to be resource, boolean given in /var/www/html/thaotacvoifile/program4.php on line 7, referer: http://localhost/thaotacvoifile/
[Wed Jun 05 11:41:49.711263 2019] [php7:warn] [pid 1036] [client ::1:35546] PHP Warning:  rewind() expects parameter 1 to be resource, boolean given in /var/www/html/thaotacvoifile/program4.php on line 11, referer: http://localhost/thaotacvoifile/
[Wed Jun 05 11:41:49.711368 2019] [php7:warn] [pid 1036] [client ::1:35546] PHP Warning:  fwrite() expects parameter 1 to be resource, boolean given in /var/www/html/thaotacvoifile/program4.php on line 14, referer: http://localhost/thaotacvoifile/
[Wed Jun 05 11:41:49.711459 2019] [php7:warn] [pid 1036] [client ::1:35546] PHP Warning:  rewind() expects parameter 1 to be resource, boolean given in /var/www/html/thaotacvoifile/program4.php on line 15, referer: http://localhost/thaotacvoifile/
[Wed Jun 05 11:41:49.711708 2019] [php7:warn] [pid 1036] [client ::1:35546] PHP Warning:  filesize(): stat failed for gfg.txt in /var/www/html/thaotacvoifile/program4.php on line 18, referer: http://localhost/thaotacvoifile/
[Wed Jun 05 11:41:49.711808 2019] [php7:warn] [pid 1036] [client ::1:35546] PHP Warning:  fread() expects parameter 1 to be resource, boolean given in /var/www/html/thaotacvoifile/program4.php on line 18, referer: http://localhost/thaotacvoifile/
[Wed Jun 05 11:41:49.711847 2019] [php7:warn] [pid 1036] [client ::1:35546] PHP Warning:  fclose() expects parameter 1 to be resource, boolean given in /var/www/html/thaotacvoifile/program4.php on line 19, referer: http://localhost/thaotacvoifile/
[Wed Jun 05 11:43:39.515258 2019] [php7:warn] [pid 4777] [client ::1:35560] PHP Warning:  fopen(sample1.txt): failed to open stream: Permission denied in /var/www/html/thaotacvoifile/program4.php on line 4, referer: http://localhost/thaotacvoifile/
[Wed Jun 05 11:43:39.515368 2019] [php7:warn] [pid 4777] [client ::1:35560] PHP Warning:  fwrite() expects parameter 1 to be resource, boolean given in /var/www/html/thaotacvoifile/program4.php on line 7, referer: http://localhost/thaotacvoifile/
[Wed Jun 05 11:43:39.515411 2019] [php7:warn] [pid 4777] [client ::1:35560] PHP Warning:  rewind() expects parameter 1 to be resource, boolean given in /var/www/html/thaotacvoifile/program4.php on line 11, referer: http://localhost/thaotacvoifile/
[Wed Jun 05 11:43:39.515488 2019] [php7:warn] [pid 4777] [client ::1:35560] PHP Warning:  fwrite() expects parameter 1 to be resource, boolean given in /var/www/html/thaotacvoifile/program4.php on line 14, referer: http://localhost/thaotacvoifile/
[Wed Jun 05 11:43:39.515524 2019] [php7:warn] [pid 4777] [client ::1:35560] PHP Warning:  rewind() expects parameter 1 to be resource, boolean given in /var/www/html/thaotacvoifile/program4.php on line 15, referer: http://localhost/thaotacvoifile/
[Wed Jun 05 11:43:39.515586 2019] [php7:warn] [pid 4777] [client ::1:35560] PHP Warning:  fread() expects parameter 1 to be resource, boolean given in /var/www/html/thaotacvoifile/program4.php on line 18, referer: http://localhost/thaotacvoifile/
[Wed Jun 05 11:43:39.515662 2019] [php7:warn] [pid 4777] [client ::1:35560] PHP Warning:  fclose() expects parameter 1 to be resource, boolean given in /var/www/html/thaotacvoifile/program4.php on line 19, referer: http://localhost/thaotacvoifile/
[Wed Jun 05 11:44:39.589037 2019] [php7:warn] [pid 1038] [client ::1:35568] PHP Warning:  fopen(sample1.txt): failed to open stream: Permission denied in /var/www/html/thaotacvoifile/program4.php on line 4, referer: http://localhost/thaotacvoifile/
[Wed Jun 05 11:44:39.589176 2019] [php7:warn] [pid 1038] [client ::1:35568] PHP Warning:  fwrite() expects parameter 1 to be resource, boolean given in /var/www/html/thaotacvoifile/program4.php on line 7, referer: http://localhost/thaotacvoifile/
[Wed Jun 05 11:44:39.589222 2019] [php7:warn] [pid 1038] [client ::1:35568] PHP Warning:  rewind() expects parameter 1 to be resource, boolean given in /var/www/html/thaotacvoifile/program4.php on line 11, referer: http://localhost/thaotacvoifile/
[Wed Jun 05 11:44:39.589258 2019] [php7:warn] [pid 1038] [client ::1:35568] PHP Warning:  fwrite() expects parameter 1 to be resource, boolean given in /var/www/html/thaotacvoifile/program4.php on line 14, referer: http://localhost/thaotacvoifile/
[Wed Jun 05 11:44:39.589292 2019] [php7:warn] [pid 1038] [client ::1:35568] PHP Warning:  rewind() expects parameter 1 to be resource, boolean given in /var/www/html/thaotacvoifile/program4.php on line 15, referer: http://localhost/thaotacvoifile/
[Wed Jun 05 11:44:39.589406 2019] [php7:warn] [pid 1038] [client ::1:35568] PHP Warning:  fread() expects parameter 1 to be resource, boolean given in /var/www/html/thaotacvoifile/program4.php on line 18, referer: http://localhost/thaotacvoifile/
[Wed Jun 05 11:44:40.210321 2019] [php7:warn] [pid 1038] [client ::1:35568] PHP Warning:  fopen(sample1.txt): failed to open stream: Permission denied in /var/www/html/thaotacvoifile/program4.php on line 4, referer: http://localhost/thaotacvoifile/
[Wed Jun 05 11:44:40.210468 2019] [php7:warn] [pid 1038] [client ::1:35568] PHP Warning:  fwrite() expects parameter 1 to be resource, boolean given in /var/www/html/thaotacvoifile/program4.php on line 7, referer: http://localhost/thaotacvoifile/
[Wed Jun 05 11:44:40.210497 2019] [php7:warn] [pid 1038] [client ::1:35568] PHP Warning:  rewind() expects parameter 1 to be resource, boolean given in /var/www/html/thaotacvoifile/program4.php on line 11, referer: http://localhost/thaotacvoifile/
[Wed Jun 05 11:44:40.210519 2019] [php7:warn] [pid 1038] [client ::1:35568] PHP Warning:  fwrite() expects parameter 1 to be resource, boolean given in /var/www/html/thaotacvoifile/program4.php on line 14, referer: http://localhost/thaotacvoifile/
[Wed Jun 05 11:44:40.210539 2019] [php7:warn] [pid 1038] [client ::1:35568] PHP Warning:  rewind() expects parameter 1 to be resource, boolean given in /var/www/html/thaotacvoifile/program4.php on line 15, referer: http://localhost/thaotacvoifile/
[Wed Jun 05 11:44:40.210587 2019] [php7:warn] [pid 1038] [client ::1:35568] PHP Warning:  fread() expects parameter 1 to be resource, boolean given in /var/www/html/thaotacvoifile/program4.php on line 18, referer: http://localhost/thaotacvoifile/
[Wed Jun 05 11:44:40.391180 2019] [php7:warn] [pid 1038] [client ::1:35568] PHP Warning:  fopen(sample1.txt): failed to open stream: Permission denied in /var/www/html/thaotacvoifile/program4.php on line 4, referer: http://localhost/thaotacvoifile/
[Wed Jun 05 11:44:40.391242 2019] [php7:warn] [pid 1038] [client ::1:35568] PHP Warning:  fwrite() expects parameter 1 to be resource, boolean given in /var/www/html/thaotacvoifile/program4.php on line 7, referer: http://localhost/thaotacvoifile/
[Wed Jun 05 11:44:40.391266 2019] [php7:warn] [pid 1038] [client ::1:35568] PHP Warning:  rewind() expects parameter 1 to be resource, boolean given in /var/www/html/thaotacvoifile/program4.php on line 11, referer: http://localhost/thaotacvoifile/
[Wed Jun 05 11:44:40.391284 2019] [php7:warn] [pid 1038] [client ::1:35568] PHP Warning:  fwrite() expects parameter 1 to be resource, boolean given in /var/www/html/thaotacvoifile/program4.php on line 14, referer: http://localhost/thaotacvoifile/
[Wed Jun 05 11:44:40.391301 2019] [php7:warn] [pid 1038] [client ::1:35568] PHP Warning:  rewind() expects parameter 1 to be resource, boolean given in /var/www/html/thaotacvoifile/program4.php on line 15, referer: http://localhost/thaotacvoifile/
[Wed Jun 05 11:44:40.391332 2019] [php7:warn] [pid 1038] [client ::1:35568] PHP Warning:  fread() expects parameter 1 to be resource, boolean given in /var/www/html/thaotacvoifile/program4.php on line 18, referer: http://localhost/thaotacvoifile/
[Wed Jun 05 11:44:40.582027 2019] [php7:warn] [pid 1038] [client ::1:35568] PHP Warning:  fopen(sample1.txt): failed to open stream: Permission denied in /var/www/html/thaotacvoifile/program4.php on line 4, referer: http://localhost/thaotacvoifile/
[Wed Jun 05 11:44:40.582076 2019] [php7:warn] [pid 1038] [client ::1:35568] PHP Warning:  fwrite() expects parameter 1 to be resource, boolean given in /var/www/html/thaotacvoifile/program4.php on line 7, referer: http://localhost/thaotacvoifile/
[Wed Jun 05 11:44:40.582101 2019] [php7:warn] [pid 1038] [client ::1:35568] PHP Warning:  rewind() expects parameter 1 to be resource, boolean given in /var/www/html/thaotacvoifile/program4.php on line 11, referer: http://localhost/thaotacvoifile/
[Wed Jun 05 11:44:40.582113 2019] [php7:warn] [pid 1038] [client ::1:35568] PHP Warning:  fwrite() expects parameter 1 to be resource, boolean given in /var/www/html/thaotacvoifile/program4.php on line 14, referer: http://localhost/thaotacvoifile/
[Wed Jun 05 11:44:40.582124 2019] [php7:warn] [pid 1038] [client ::1:35568] PHP Warning:  rewind() expects parameter 1 to be resource, boolean given in /var/www/html/thaotacvoifile/program4.php on line 15, referer: http://localhost/thaotacvoifile/
[Wed Jun 05 11:44:40.582161 2019] [php7:warn] [pid 1038] [client ::1:35568] PHP Warning:  fread() expects parameter 1 to be resource, boolean given in /var/www/html/thaotacvoifile/program4.php on line 18, referer: http://localhost/thaotacvoifile/
[Wed Jun 05 11:44:40.806003 2019] [php7:warn] [pid 1038] [client ::1:35568] PHP Warning:  fopen(sample1.txt): failed to open stream: Permission denied in /var/www/html/thaotacvoifile/program4.php on line 4, referer: http://localhost/thaotacvoifile/
[Wed Jun 05 11:44:40.806076 2019] [php7:warn] [pid 1038] [client ::1:35568] PHP Warning:  fwrite() expects parameter 1 to be resource, boolean given in /var/www/html/thaotacvoifile/program4.php on line 7, referer: http://localhost/thaotacvoifile/
[Wed Jun 05 11:44:40.806103 2019] [php7:warn] [pid 1038] [client ::1:35568] PHP Warning:  rewind() expects parameter 1 to be resource, boolean given in /var/www/html/thaotacvoifile/program4.php on line 11, referer: http://localhost/thaotacvoifile/
[Wed Jun 05 11:44:40.806125 2019] [php7:warn] [pid 1038] [client ::1:35568] PHP Warning:  fwrite() expects parameter 1 to be resource, boolean given in /var/www/html/thaotacvoifile/program4.php on line 14, referer: http://localhost/thaotacvoifile/
[Wed Jun 05 11:44:40.806145 2019] [php7:warn] [pid 1038] [client ::1:35568] PHP Warning:  rewind() expects parameter 1 to be resource, boolean given in /var/www/html/thaotacvoifile/program4.php on line 15, referer: http://localhost/thaotacvoifile/
[Wed Jun 05 11:44:40.806182 2019] [php7:warn] [pid 1038] [client ::1:35568] PHP Warning:  fread() expects parameter 1 to be resource, boolean given in /var/www/html/thaotacvoifile/program4.php on line 18, referer: http://localhost/thaotacvoifile/
[Wed Jun 05 11:44:41.028471 2019] [php7:warn] [pid 1038] [client ::1:35568] PHP Warning:  fopen(sample1.txt): failed to open stream: Permission denied in /var/www/html/thaotacvoifile/program4.php on line 4, referer: http://localhost/thaotacvoifile/
[Wed Jun 05 11:44:41.028564 2019] [php7:warn] [pid 1038] [client ::1:35568] PHP Warning:  fwrite() expects parameter 1 to be resource, boolean given in /var/www/html/thaotacvoifile/program4.php on line 7, referer: http://localhost/thaotacvoifile/
[Wed Jun 05 11:44:41.028610 2019] [php7:warn] [pid 1038] [client ::1:35568] PHP Warning:  rewind() expects parameter 1 to be resource, boolean given in /var/www/html/thaotacvoifile/program4.php on line 11, referer: http://localhost/thaotacvoifile/
[Wed Jun 05 11:44:41.028642 2019] [php7:warn] [pid 1038] [client ::1:35568] PHP Warning:  fwrite() expects parameter 1 to be resource, boolean given in /var/www/html/thaotacvoifile/program4.php on line 14, referer: http://localhost/thaotacvoifile/
[Wed Jun 05 11:44:41.028669 2019] [php7:warn] [pid 1038] [client ::1:35568] PHP Warning:  rewind() expects parameter 1 to be resource, boolean given in /var/www/html/thaotacvoifile/program4.php on line 15, referer: http://localhost/thaotacvoifile/
[Wed Jun 05 11:44:41.028707 2019] [php7:warn] [pid 1038] [client ::1:35568] PHP Warning:  fread() expects parameter 1 to be resource, boolean given in /var/www/html/thaotacvoifile/program4.php on line 18, referer: http://localhost/thaotacvoifile/
[Wed Jun 05 14:38:20.770136 2019] [php7:notice] [pid 1037] [client ::1:37232] PHP Notice:  Undefined variable: filtered_customer in /var/www/html/locDSKSH/locds.php on line 17, referer: http://localhost/locDSKSH/
[Wed Jun 05 14:38:20.771539 2019] [php7:warn] [pid 1037] [client ::1:37232] PHP Warning:  count(): Parameter must be an array or an object that implements Countable in /var/www/html/locDSKSH/locds.php on line 17, referer: http://localhost/locDSKSH/
[Wed Jun 05 14:38:20.771655 2019] [php7:notice] [pid 1037] [client ::1:37232] PHP Notice:  Undefined variable: filtered_customer in /var/www/html/locDSKSH/locds.php on line 23, referer: http://localhost/locDSKSH/
[Wed Jun 05 14:38:20.771699 2019] [php7:warn] [pid 1037] [client ::1:37232] PHP Warning:  Invalid argument supplied for foreach() in /var/www/html/locDSKSH/locds.php on line 23, referer: http://localhost/locDSKSH/
[Wed Jun 05 14:38:20.772678 2019] [php7:notice] [pid 1037] [client ::1:37232] PHP Notice:  Undefined variable: from_date in /var/www/html/locDSKSH/locds.php on line 66, referer: http://localhost/locDSKSH/
[Wed Jun 05 14:38:59.600433 2019] [php7:notice] [pid 4781] [client ::1:37240] PHP Notice:  Undefined variable: filtered_customer in /var/www/html/locDSKSH/locds.php on line 17, referer: http://localhost/locDSKSH/locds.php
[Wed Jun 05 14:38:59.600499 2019] [php7:warn] [pid 4781] [client ::1:37240] PHP Warning:  count(): Parameter must be an array or an object that implements Countable in /var/www/html/locDSKSH/locds.php on line 17, referer: http://localhost/locDSKSH/locds.php
[Wed Jun 05 14:38:59.600530 2019] [php7:notice] [pid 4781] [client ::1:37240] PHP Notice:  Undefined variable: filtered_customer in /var/www/html/locDSKSH/locds.php on line 23, referer: http://localhost/locDSKSH/locds.php
[Wed Jun 05 14:38:59.600549 2019] [php7:warn] [pid 4781] [client ::1:37240] PHP Warning:  Invalid argument supplied for foreach() in /var/www/html/locDSKSH/locds.php on line 23, referer: http://localhost/locDSKSH/locds.php
[Wed Jun 05 14:39:01.286648 2019] [php7:notice] [pid 4781] [client ::1:37240] PHP Notice:  Undefined variable: filtered_customer in /var/www/html/locDSKSH/locds.php on line 17, referer: http://localhost/locDSKSH/locds.php
[Wed Jun 05 14:39:01.286741 2019] [php7:warn] [pid 4781] [client ::1:37240] PHP Warning:  count(): Parameter must be an array or an object that implements Countable in /var/www/html/locDSKSH/locds.php on line 17, referer: http://localhost/locDSKSH/locds.php
[Wed Jun 05 14:39:01.286848 2019] [php7:notice] [pid 4781] [client ::1:37240] PHP Notice:  Undefined variable: filtered_customer in /var/www/html/locDSKSH/locds.php on line 23, referer: http://localhost/locDSKSH/locds.php
[Wed Jun 05 14:39:01.286881 2019] [php7:warn] [pid 4781] [client ::1:37240] PHP Warning:  Invalid argument supplied for foreach() in /var/www/html/locDSKSH/locds.php on line 23, referer: http://localhost/locDSKSH/locds.php
[Wed Jun 05 14:39:01.508844 2019] [php7:notice] [pid 4781] [client ::1:37240] PHP Notice:  Undefined variable: filtered_customer in /var/www/html/locDSKSH/locds.php on line 17, referer: http://localhost/locDSKSH/locds.php
[Wed Jun 05 14:39:01.508926 2019] [php7:warn] [pid 4781] [client ::1:37240] PHP Warning:  count(): Parameter must be an array or an object that implements Countable in /var/www/html/locDSKSH/locds.php on line 17, referer: http://localhost/locDSKSH/locds.php
[Wed Jun 05 14:39:01.508969 2019] [php7:notice] [pid 4781] [client ::1:37240] PHP Notice:  Undefined variable: filtered_customer in /var/www/html/locDSKSH/locds.php on line 23, referer: http://localhost/locDSKSH/locds.php
[Wed Jun 05 14:39:01.509002 2019] [php7:warn] [pid 4781] [client ::1:37240] PHP Warning:  Invalid argument supplied for foreach() in /var/www/html/locDSKSH/locds.php on line 23, referer: http://localhost/locDSKSH/locds.php
[Wed Jun 05 14:39:01.774065 2019] [php7:notice] [pid 4781] [client ::1:37240] PHP Notice:  Undefined variable: filtered_customer in /var/www/html/locDSKSH/locds.php on line 17, referer: http://localhost/locDSKSH/locds.php
[Wed Jun 05 14:39:01.774126 2019] [php7:warn] [pid 4781] [client ::1:37240] PHP Warning:  count(): Parameter must be an array or an object that implements Countable in /var/www/html/locDSKSH/locds.php on line 17, referer: http://localhost/locDSKSH/locds.php
[Wed Jun 05 14:39:01.774157 2019] [php7:notice] [pid 4781] [client ::1:37240] PHP Notice:  Undefined variable: filtered_customer in /var/www/html/locDSKSH/locds.php on line 23, referer: http://localhost/locDSKSH/locds.php
[Wed Jun 05 14:39:01.774181 2019] [php7:warn] [pid 4781] [client ::1:37240] PHP Warning:  Invalid argument supplied for foreach() in /var/www/html/locDSKSH/locds.php on line 23, referer: http://localhost/locDSKSH/locds.php
[Wed Jun 05 14:39:02.112139 2019] [php7:notice] [pid 4781] [client ::1:37240] PHP Notice:  Undefined variable: filtered_customer in /var/www/html/locDSKSH/locds.php on line 17, referer: http://localhost/locDSKSH/locds.php
[Wed Jun 05 14:39:02.112240 2019] [php7:warn] [pid 4781] [client ::1:37240] PHP Warning:  count(): Parameter must be an array or an object that implements Countable in /var/www/html/locDSKSH/locds.php on line 17, referer: http://localhost/locDSKSH/locds.php
[Wed Jun 05 14:39:02.112269 2019] [php7:notice] [pid 4781] [client ::1:37240] PHP Notice:  Undefined variable: filtered_customer in /var/www/html/locDSKSH/locds.php on line 23, referer: http://localhost/locDSKSH/locds.php
[Wed Jun 05 14:39:02.112290 2019] [php7:warn] [pid 4781] [client ::1:37240] PHP Warning:  Invalid argument supplied for foreach() in /var/www/html/locDSKSH/locds.php on line 23, referer: http://localhost/locDSKSH/locds.php
[Wed Jun 05 14:47:18.836666 2019] [php7:notice] [pid 1038] [client ::1:37426] PHP Notice:  Undefined variable: filtered_customer in /var/www/html/locDSKSH/locds.php on line 17, referer: http://localhost/locDSKSH/locds.php
[Wed Jun 05 14:47:18.836816 2019] [php7:warn] [pid 1038] [client ::1:37426] PHP Warning:  count(): Parameter must be an array or an object that implements Countable in /var/www/html/locDSKSH/locds.php on line 17, referer: http://localhost/locDSKSH/locds.php
[Wed Jun 05 14:47:18.836893 2019] [php7:notice] [pid 1038] [client ::1:37426] PHP Notice:  Undefined variable: filtered_customer in /var/www/html/locDSKSH/locds.php on line 23, referer: http://localhost/locDSKSH/locds.php
[Wed Jun 05 14:47:18.836934 2019] [php7:warn] [pid 1038] [client ::1:37426] PHP Warning:  Invalid argument supplied for foreach() in /var/www/html/locDSKSH/locds.php on line 23, referer: http://localhost/locDSKSH/locds.php
[Wed Jun 05 14:47:20.793271 2019] [php7:notice] [pid 1038] [client ::1:37426] PHP Notice:  Undefined variable: filtered_customer in /var/www/html/locDSKSH/locds.php on line 17
[Wed Jun 05 14:47:20.793382 2019] [php7:warn] [pid 1038] [client ::1:37426] PHP Warning:  count(): Parameter must be an array or an object that implements Countable in /var/www/html/locDSKSH/locds.php on line 17
[Wed Jun 05 14:47:20.793453 2019] [php7:notice] [pid 1038] [client ::1:37426] PHP Notice:  Undefined variable: filtered_customer in /var/www/html/locDSKSH/locds.php on line 23
[Wed Jun 05 14:47:20.793498 2019] [php7:warn] [pid 1038] [client ::1:37426] PHP Warning:  Invalid argument supplied for foreach() in /var/www/html/locDSKSH/locds.php on line 23
[Wed Jun 05 14:47:20.793546 2019] [php7:notice] [pid 1038] [client ::1:37426] PHP Notice:  Undefined variable: from_date in /var/www/html/locDSKSH/locds.php on line 66
[Wed Jun 05 14:48:02.711681 2019] [php7:notice] [pid 1036] [client ::1:37436] PHP Notice:  Undefined variable: filtered_customer in /var/www/html/locDSKSH/locds.php on line 17, referer: http://localhost/locDSKSH/locds.php
[Wed Jun 05 14:48:02.711811 2019] [php7:warn] [pid 1036] [client ::1:37436] PHP Warning:  count(): Parameter must be an array or an object that implements Countable in /var/www/html/locDSKSH/locds.php on line 17, referer: http://localhost/locDSKSH/locds.php
[Wed Jun 05 14:48:02.711911 2019] [php7:notice] [pid 1036] [client ::1:37436] PHP Notice:  Undefined variable: filtered_customer in /var/www/html/locDSKSH/locds.php on line 23, referer: http://localhost/locDSKSH/locds.php
[Wed Jun 05 14:48:02.711944 2019] [php7:warn] [pid 1036] [client ::1:37436] PHP Warning:  Invalid argument supplied for foreach() in /var/www/html/locDSKSH/locds.php on line 23, referer: http://localhost/locDSKSH/locds.php
[Wed Jun 05 14:48:04.764858 2019] [php7:notice] [pid 1036] [client ::1:37436] PHP Notice:  Undefined variable: filtered_customer in /var/www/html/locDSKSH/locds.php on line 17, referer: http://localhost/locDSKSH/locds.php
[Wed Jun 05 14:48:04.765022 2019] [php7:warn] [pid 1036] [client ::1:37436] PHP Warning:  count(): Parameter must be an array or an object that implements Countable in /var/www/html/locDSKSH/locds.php on line 17, referer: http://localhost/locDSKSH/locds.php
[Wed Jun 05 14:48:04.765090 2019] [php7:notice] [pid 1036] [client ::1:37436] PHP Notice:  Undefined variable: filtered_customer in /var/www/html/locDSKSH/locds.php on line 23, referer: http://localhost/locDSKSH/locds.php
[Wed Jun 05 14:48:04.765271 2019] [php7:warn] [pid 1036] [client ::1:37436] PHP Warning:  Invalid argument supplied for foreach() in /var/www/html/locDSKSH/locds.php on line 23, referer: http://localhost/locDSKSH/locds.php
[Wed Jun 05 14:48:04.942572 2019] [php7:notice] [pid 1036] [client ::1:37436] PHP Notice:  Undefined variable: filtered_customer in /var/www/html/locDSKSH/locds.php on line 17, referer: http://localhost/locDSKSH/locds.php
[Wed Jun 05 14:48:04.942637 2019] [php7:warn] [pid 1036] [client ::1:37436] PHP Warning:  count(): Parameter must be an array or an object that implements Countable in /var/www/html/locDSKSH/locds.php on line 17, referer: http://localhost/locDSKSH/locds.php
[Wed Jun 05 14:48:04.942664 2019] [php7:notice] [pid 1036] [client ::1:37436] PHP Notice:  Undefined variable: filtered_customer in /var/www/html/locDSKSH/locds.php on line 23, referer: http://localhost/locDSKSH/locds.php
[Wed Jun 05 14:48:04.942684 2019] [php7:warn] [pid 1036] [client ::1:37436] PHP Warning:  Invalid argument supplied for foreach() in /var/www/html/locDSKSH/locds.php on line 23, referer: http://localhost/locDSKSH/locds.php
[Wed Jun 05 14:48:52.008657 2019] [php7:notice] [pid 4777] [client ::1:37444] PHP Notice:  Undefined variable: filtered_customer in /var/www/html/locDSKSH/locds.php on line 17, referer: http://localhost/locDSKSH/locds.php
[Wed Jun 05 14:48:52.008714 2019] [php7:warn] [pid 4777] [client ::1:37444] PHP Warning:  count(): Parameter must be an array or an object that implements Countable in /var/www/html/locDSKSH/locds.php on line 17, referer: http://localhost/locDSKSH/locds.php
[Wed Jun 05 14:48:52.008734 2019] [php7:notice] [pid 4777] [client ::1:37444] PHP Notice:  Undefined variable: filtered_customer in /var/www/html/locDSKSH/locds.php on line 23, referer: http://localhost/locDSKSH/locds.php
[Wed Jun 05 14:48:52.008746 2019] [php7:warn] [pid 4777] [client ::1:37444] PHP Warning:  Invalid argument supplied for foreach() in /var/www/html/locDSKSH/locds.php on line 23, referer: http://localhost/locDSKSH/locds.php
[Wed Jun 05 14:48:55.690146 2019] [php7:notice] [pid 4777] [client ::1:37444] PHP Notice:  Undefined variable: filtered_customer in /var/www/html/locDSKSH/locds.php on line 17, referer: http://localhost/locDSKSH/locds.php
[Wed Jun 05 14:48:55.690258 2019] [php7:warn] [pid 4777] [client ::1:37444] PHP Warning:  count(): Parameter must be an array or an object that implements Countable in /var/www/html/locDSKSH/locds.php on line 17, referer: http://localhost/locDSKSH/locds.php
[Wed Jun 05 14:48:55.690315 2019] [php7:notice] [pid 4777] [client ::1:37444] PHP Notice:  Undefined variable: filtered_customer in /var/www/html/locDSKSH/locds.php on line 23, referer: http://localhost/locDSKSH/locds.php
[Wed Jun 05 14:48:55.690353 2019] [php7:warn] [pid 4777] [client ::1:37444] PHP Warning:  Invalid argument supplied for foreach() in /var/www/html/locDSKSH/locds.php on line 23, referer: http://localhost/locDSKSH/locds.php
[Wed Jun 05 14:48:56.189627 2019] [php7:notice] [pid 4777] [client ::1:37444] PHP Notice:  Undefined variable: filtered_customer in /var/www/html/locDSKSH/locds.php on line 17, referer: http://localhost/locDSKSH/locds.php
[Wed Jun 05 14:48:56.189721 2019] [php7:warn] [pid 4777] [client ::1:37444] PHP Warning:  count(): Parameter must be an array or an object that implements Countable in /var/www/html/locDSKSH/locds.php on line 17, referer: http://localhost/locDSKSH/locds.php
[Wed Jun 05 14:48:56.189765 2019] [php7:notice] [pid 4777] [client ::1:37444] PHP Notice:  Undefined variable: filtered_customer in /var/www/html/locDSKSH/locds.php on line 23, referer: http://localhost/locDSKSH/locds.php
[Wed Jun 05 14:48:56.189799 2019] [php7:warn] [pid 4777] [client ::1:37444] PHP Warning:  Invalid argument supplied for foreach() in /var/www/html/locDSKSH/locds.php on line 23, referer: http://localhost/locDSKSH/locds.php
[Wed Jun 05 14:52:58.291435 2019] [php7:warn] [pid 1036] [client ::1:37486] PHP Warning:  count() expects at least 1 parameter, 0 given in /var/www/html/locDSKSH/locds.php on line 17
[Wed Jun 05 14:52:58.291483 2019] [php7:notice] [pid 1036] [client ::1:37486] PHP Notice:  Undefined variable: filtered_customer in /var/www/html/locDSKSH/locds.php on line 23
[Wed Jun 05 14:52:58.291491 2019] [php7:warn] [pid 1036] [client ::1:37486] PHP Warning:  Invalid argument supplied for foreach() in /var/www/html/locDSKSH/locds.php on line 23
[Wed Jun 05 14:53:04.773312 2019] [php7:warn] [pid 1034] [client ::1:37488] PHP Warning:  count() expects at least 1 parameter, 0 given in /var/www/html/locDSKSH/locds.php on line 17, referer: http://localhost/locDSKSH/locds.php
[Wed Jun 05 14:53:04.773427 2019] [php7:notice] [pid 1034] [client ::1:37488] PHP Notice:  Undefined variable: filtered_customer in /var/www/html/locDSKSH/locds.php on line 23, referer: http://localhost/locDSKSH/locds.php
[Wed Jun 05 14:53:04.773475 2019] [php7:warn] [pid 1034] [client ::1:37488] PHP Warning:  Invalid argument supplied for foreach() in /var/www/html/locDSKSH/locds.php on line 23, referer: http://localhost/locDSKSH/locds.php
[Wed Jun 05 14:53:04.773540 2019] [php7:notice] [pid 1034] [client ::1:37488] PHP Notice:  Undefined variable: to_date in /var/www/html/locDSKSH/locds.php on line 65, referer: http://localhost/locDSKSH/locds.php
[Wed Jun 05 14:58:39.721389 2019] [php7:notice] [pid 1037] [client ::1:37524] PHP Notice:  Undefined variable: to_date in /var/www/html/locDSKSH/locds.php on line 30, referer: http://localhost/locDSKSH/locds.php
[Wed Jun 05 14:58:42.916707 2019] [php7:notice] [pid 1037] [client ::1:37524] PHP Notice:  Undefined variable: filtered_customer in /var/www/html/locDSKSH/locds.php on line 52
[Wed Jun 05 14:58:42.916815 2019] [php7:warn] [pid 1037] [client ::1:37524] PHP Warning:  Invalid argument supplied for foreach() in /var/www/html/locDSKSH/locds.php on line 52
[Wed Jun 05 14:58:47.076882 2019] [php7:notice] [pid 1037] [client ::1:37524] PHP Notice:  Undefined variable: to_date in /var/www/html/locDSKSH/locds.php on line 30, referer: http://localhost/locDSKSH/locds.php
[Wed Jun 05 14:58:47.595583 2019] [php7:notice] [pid 1037] [client ::1:37524] PHP Notice:  Undefined variable: to_date in /var/www/html/locDSKSH/locds.php on line 30, referer: http://localhost/locDSKSH/locds.php
[Wed Jun 05 15:00:23.210605 2019] [php7:notice] [pid 4781] [client ::1:37534] PHP Notice:  Undefined variable: filtered_customer in /var/www/html/locDSKSH/locds.php on line 53
[Wed Jun 05 15:00:23.210646 2019] [php7:warn] [pid 4781] [client ::1:37534] PHP Warning:  Invalid argument supplied for foreach() in /var/www/html/locDSKSH/locds.php on line 53
[Wed Jun 05 15:00:28.011698 2019] [php7:notice] [pid 4781] [client ::1:37534] PHP Notice:  Undefined variable: to_date in /var/www/html/locDSKSH/locds.php on line 33, referer: http://localhost/locDSKSH/locds.php
[Wed Jun 05 15:00:28.615169 2019] [php7:notice] [pid 4781] [client ::1:37534] PHP Notice:  Undefined variable: to_date in /var/www/html/locDSKSH/locds.php on line 33, referer: http://localhost/locDSKSH/locds.php
[Wed Jun 05 15:00:29.006101 2019] [php7:notice] [pid 4781] [client ::1:37534] PHP Notice:  Undefined variable: to_date in /var/www/html/locDSKSH/locds.php on line 33, referer: http://localhost/locDSKSH/locds.php
[Wed Jun 05 15:00:31.115911 2019] [php7:notice] [pid 4781] [client ::1:37534] PHP Notice:  Undefined variable: to_date in /var/www/html/locDSKSH/locds.php on line 33, referer: http://localhost/locDSKSH/locds.php
[Wed Jun 05 15:00:45.575365 2019] [php7:notice] [pid 1038] [client ::1:37540] PHP Notice:  Undefined variable: to_date in /var/www/html/locDSKSH/locds.php on line 33, referer: http://localhost/locDSKSH/locds.php
[Wed Jun 05 15:00:48.248686 2019] [php7:notice] [pid 1038] [client ::1:37540] PHP Notice:  Undefined variable: to_date in /var/www/html/locDSKSH/locds.php on line 33, referer: http://localhost/locDSKSH/locds.php
[Wed Jun 05 15:00:48.481909 2019] [php7:notice] [pid 1038] [client ::1:37540] PHP Notice:  Undefined variable: to_date in /var/www/html/locDSKSH/locds.php on line 33, referer: http://localhost/locDSKSH/locds.php
[Wed Jun 05 15:09:03.938538 2019] [php7:notice] [pid 1036] [client ::1:37636] PHP Notice:  Undefined variable: filtered_customer in /var/www/html/locDSKSH/locds.php on line 59
[Wed Jun 05 15:09:03.941735 2019] [php7:warn] [pid 1036] [client ::1:37636] PHP Warning:  Invalid argument supplied for foreach() in /var/www/html/locDSKSH/locds.php on line 59
[Wed Jun 05 15:09:07.880992 2019] [php7:notice] [pid 1036] [client ::1:37636] PHP Notice:  Undefined variable: to_date in /var/www/html/locDSKSH/locds.php on line 39, referer: http://localhost/locDSKSH/locds.php
[Wed Jun 05 15:49:03.742113 2019] [php7:warn] [pid 3574] [client ::1:39312] PHP Warning:  Use of undefined constant br - assumed 'br' (this will throw an Error in a future version of PHP) in /var/www/html/openlog/log.php on line 8, referer: http://localhost/openlog/
[Wed Jun 05 15:49:27.157276 2019] [php7:emerg] [pid 1034] [client ::1:39316] PHP Parse error:  syntax error, unexpected 'oc' (T_STRING), expecting ',' or ';' in /var/www/html/openlog/log.php on line 8, referer: http://localhost/openlog/
